hK6r0VvAGgOLpSfaZtoJioDieElwxtDoc0ZQ06/zazmWgVsqLkHrbaUwl9uxOTsW41+zKH5Ck3OtUcuUzSvgjgkWVpH3N4eLifkOosVn9frBr91ZiA==
fMjFiPzHlXppSEl8KXvcBTExLIKXAA1aNlA4HGT7ePIpmrYCiaqX83yM2pAumdEj+h6QjAQZM9l/DjQy3j5hLwxpQtvvsy41auZ5VRBITquIqV4Tp/018fN83R+di0UFWZZYjToXFkLmAE2+fv/3919Z/mGipYiwkwjFLgLrXp4xG2zZfYyoJaetO1vq0i6u0UR9tU8SfWpTV0lDZAs91NFENrMNqaK5X3TBw2mZJ7RhI2Serc6qUctv4xuNceJC6S+ximWXQVkU
01QlBBas0oVcBGO6jlqU2jExLIKXAA1aNlA4HGT7ePIpmrYCiaqX83yM2pAumdEj+h6QjAQZM9l/DjQy3j5hLwxpQtvvsy41auZ5VRBITquIqV4Tp/018fN83R+di0UFWZZYjToXFkLmAE2+fv/3919Z/mGipYiwkwjFLgLrXp4xG2zZfYyoJaetO1vq0i6u0UR9tU8SfWpTV0lDZAs91NFENrMNqaK5X3TBw2mZJ7RhI2uerc6qUctv4xuNceJC6S+ximWXQVkU
loxgiqpVfIfvlA+Bi14fBx/n9GDWcoZW1XH1OGz24CEYokBGE16T3p8661LsJmWiW3YEV4EUQVo3LhOHKn45AL7ujcxZmw==
Z8B58jzP9GvEVs+lSFjtDB0d+hwmaS/JjDenySkaoqNm3SNEuC6w1YM8CloXwaHolua+jxddKzl//yQIVprWTjXJhZCsntDZuDqQbhN2Q0Y/wts6LI4VG7tuVL8BfJFCV5bjL2qWCXgedt3kWbM=
x3RHSuNABJqLlQXSSIK0LpGZkOiUPTy5jdwi6iax6dCxFjxXj0AfVwZv2cqNnJLvcj1Ae/zeHWbtyG/ZErfd5KEWEAxp+suzke3XQ0lZx7QBY4IfjY4KUSsvg5utsUJCSe9RCgXX4Vm0
w39KdtvuMdXjtY+mxpeDK5YmR3lzynuSZWBhRovtQzGX6Fjhk0gCXhfFqZyG0lZrNzlDDa8L7EwW3h665X3t9Ax6OG0oThjqk/LLMq92M96M6n2va5qc+0E4WbaHootLSnLhTA4C1eBZtw==
5XGhzs/aDx5RAseUbMXu7iN+3NI6shAlQ2xqahfxwbhWFh4fl83LiT+vBPhW6vae9XnlACwOcKn46nBeE0ajln+ye6qsHnWre750zwGMsRIXJgO/6gapiN4mvdRZgw==
zct7Su134EwkjYI57fQx1un34szLQb3P2JNoGbNQElYXzbmEpipmI3fxs7XPk3zEllaOIgXFnbzMsggVCFYI4pP62yqPDgMWTKINF4sCDHPBsMku5xp7gwo60bQuGsXoWb8=
cm6eTeIjLpndbrT2uG+DD8DEzen6c5zV75NoGbNQElYXzbmEpipmI3fxs7XPk3zEllaOIgXFnbzMsggVCFYI4pP62yqPDgMWTKINF4sCDHPBsMku5xp7gwo60bQuGsXoWb8=
rYe00Lu3tVWlp5LtMcHMywJ+pfhRQa4DnK/L6u7ol089Ai6g6q3nYycjVwngWjY0KsStrzFSfMC847AstBxTuJ/sR0RP2JzwWcFTWFCtIZKtCA8wF636CKWC1iC51lm9
+nKZMtvT6NjQY7CnzXxWVzExLIKXAA1aNlA4HGT7ePIpmrYCiaqX83yM2pAumdEj+h6QjAQZM9l/DjQy3j5hLwxpQtvvsy41auZ5VRBITquIqV4Tp/018fN83R+di0UFWZZYjToXFkLmAE2+fv/3919Z/mGipYiwkwjFLgLrXp4xG2zZfYyoJaetO1vq0i6u0UR9tU8SfWpTV0lDZAs91NFENrMNqaK5X3TBw2mZJ7RhI2Kfrc6qUctv4xuNceJC6S+ximWXQVkU
jOX0m0aygRx3cCVejy46skZbeYgQV9vKOTavRUNzg8MR2/+VoYTHDzLF64vZMbzj5YOb3cTyL+NnUoN7t1ni
BNX+++GhEt/MsvEFeLwYKleX1X9hi81T5ufTYrTktwjnXPwMQfOBNNEMYY/V3L+8/+naNP12Roxxslnh
eMaAAO/pW5jSJdhY7or9JkdA/rVMJlyXsNEjpgXrCa6v+gB2qb0RclXeQVkURYj2v2IbGixu1Xw7jpTaAZ3RItd2o09qtknYntadxFmT
fhNDXnJIhN3vy3f5VCG/8mawjQqO7YFTZmdSYJFbHQsebcvPsbthdjFYptQK6du1dGcXY6kig6Ga5zMBNfvUtIr236NhKf902TPtv3U+h9Gi3zv7BWGaAjHfuSodx+lZvA==
w9Vst9tpw2HPyxbu8Tm6/CK8tmQfwPFYiZas5gvFKm4gdUdms01Ks76lnC+FHIJeQKjml0V/CT1SQAUCXSwOKASM7fJyuTFqnrVuTasSa2Eyd0uh/Qvfu5aclwOZuVc0sQP1X71u/1EaD/PbHRGywtlPAUpV9/FZpA==
YQysm9Cc0Pma8024a71nTmvPy/lBU/jkigc7Wz6bjvt0hRRtY4LzIQqHg8Fl2ze7/swP49HJb/Qpk71/RV6X0bL/y7tVgSqCoX/J6s2n2VmM
nouvuXI4H7r5qfmYz58/cUZA/rVMJlyXsNEjpgXrCa6v+gB2qb0RclXeQVkURYj2v2IbGixu1X46jp3bAZ3RItd2o09qtknYntadxFmT
5uX6ErEoM3agf58vxLtLMWvOy/lBU/jkigc7Wz+bjvt0hRRtY4LzIQqHg8Fl2ze7/swP49HJb/Qpk79+RVeW0bL/y7tVgSqCoX/J6s2n2VmM
CWPkvPWnOm81kfWuopkGR0da+LVQPl2XsNEjpgXrCa6v+gB2qb0RclXeQVkURYj2v2IbGixu1X88jp3bAZ3RItd2o09qtknYntadxFmT
FRRHLoxKubRi5FldiQp2pVRTJzMUrYb6JTpx1ZyVMTJfPZt9y39jNEGI0M7pRUFatbZxUhtZop5fSkvibNYFF5wm7UOBBSGKd57z96rOmfD+Pq3cWYs=
BiAIHPsOHLr5fNFcXnc3DUZa+LVQPl2XsNEjpgXrCa6v+gB2qb0RclXeQVkURYj2v2IbGixu1Xs9jp3bAZ3RItd2o09qtknYntadxFmT
fg0oS6o/n2CwlUOY99xgE1RTJzMUrYb6JTpx1ZyVMTJfPJt9y39jNEGI0M7pRUFatbZxUhtZop5fSkvibNYFE50m7UOBBSGKd57z96rOmfD+Pq3cWYs=
TygAUfyw0PSDOjDc1iDc90dA/rdLLF2XsNEjpgXrCa6v+gB2qb0RclXeQVkURYj2v2IbGixu1Xg9jpzbAZ3RItd2o09qtknYntadxFmT
3PmNnM839OfHBgdw2C+WUFRXPnNc68KmRDpx1ZyVMTJfPYF7yWRxNEGI0M7pRUFatbZxUhtZop5fSkvibNYFEJ0m7EOBBSGKd57z96rOmfD+Pq3cWYs=
yBtWcpEdZzZAMGjdRfEpVCkutuNg5WtiRS9BGn+O6NIJGXmGxWrJ3ZTBAEIvlnO+jMo9Ce061B9BWZkWBwJLa0qSISyO4pXAWZc=
iSnFyYe9ZvOgZ79IgHP5wCNitoJpaTTbusFs6x++J5/h4AB2qb0RclXeQUobQZL2v2IbGixu1X09jpzbAZ3RItd2o09qtknYntadxFmT
Er1t0ogO77blFISaiK5gtEZA/rdLLF2XsNEjpgXrCa6v+gB2qb0RclXeQVkURYj2v2IbGixu1Xk4jp/bAZ3RItd2o09qtknYntadxFmT
maxz+zFMjjrPgdi66z8ndFRXPnNc68KmRDpx1ZyVMTJfPIF7yWRxNEGI0M7pRUFatbZxUhtZop5fSkvibNYFEZgm70OBBSGKd57z96rOmfD+Pq3cWYs=
/yXzdhRe8gOGi7YZJWicGCgutuNg5WtiRS9BGn+O6NIJGXmGxWrJ3ZTBAEIvlnO+jMo9Duk61x9BWZkWBwJLa0qSISyO4pXAWZc=
g9oqN8sXVjzSvthBVIVU9iNitoJpaTTbusFs6x+/J5/h4AB2qb0RclXeQUobQZL2v2IbGixu1Xo5jp/bAZ3RItd2o09qtknYntadxFmT
UCEX13J3wXvrsZkzeekWVe+SLNvPhoxEuEJJpJ8rsG0SQCddpzJBzgN6Jvb6N/pPglYJTVaqMASLnlsf66uXwBwe5r/6F88C88E1dHI4MXDZpCoFi3jN/npnLKTGNN+5M9Ot5rvBqLws3aKWandT8LfGFEPLWeLxb5cri3M8QD4F/n10hA8hw7FVYuNq8krvoRz/IpsZ/QtTu8BG0kqKw8VFRvxp2xUkikvlwifkD9ssZcZM5jqJRkQu+uYtZkcFRcZsvJYh3zRPIdmaXr73uAeMfFwhQEPEc11h33UsfwyfuVrkHcYG/NFiWTE=
qZteevsPkSIcFbSMBNnbfp68uFaWHwuw5vEG76lM6FcRsq7avmZMnNUMj7SmfirmdfYLCd+85XafLvN4/ttKKOKQvMQWDa5pl8g/B/U2Nnb5igWSele/pjXUVgFMhiLa96NPxZ0Ur/+wtiDbopRueVvKqzAEUb9H2huDsQvpVxKo5DmoDUZQ8fmJ/RMiIa48ApX9qi/wL0eFof9dIOS2JCJZOdP2jv1lja4GzWVAo2qHYbATVt4SpDEsKIhaBInIL1/5EJwOwl+H/oPnGdga8D9C27osDhWeu+5fOwH9kcJXFuOvahYJ+B723WRZMw==
PdsXssrOWKVOdtdgawhzObpu3PtPHHv0MgorOez9BVLW8JHbDAkR0+O+oaZoaJVeGnEr71uvXv+SofI3M/uQufsOAJx6a+ERYJUT3J3N23Pdsqp95XmN6Na8M3ihUwKpWiV5PUwsP65cIhHk8s97PV+szF3kdmLdBts87Unspf9X1QsiosVgEzQCRIQX9oTLpSfNLUSJuIFKEBGsH0Y4HwwOo68W0WfICqUF6SFTkGa8PoOwR92Vtv/KkXNTq95/rwSDcMz7Vy0A+X1wm4uTLXVkc1dddzdhbHHISzlzN4WwUvsbywL/02NZNg==
Cey69OWw12Jkp3nPVrWn5IrYZ6zggYmsj0eGIY3fGXe6ewBMLh7Fh4pNPWYxKe7wI9KMwb2D7Te4UzTBeIzVKjrbur7WUMwzp12mVdWQ25XtvwuC/BHToWvE8NwVVEdLNMVMFW8xejQ5oloiF+j0100xSZzaMdJuhPEguxrBrzSTkwHl3e6UnSZf8sKCyFGuMgdzl5tB8lFeLexwtwD53o5zmr41I6BJ4USMJYNlp8sm6iqOFdzxRXMaWao337VzaBP5tFW8eqMRYcY5uzzd06Xho1QlO2uv0U1KEe5n32sB6aZi7Rf9GvnfZVkw
f/AgYsD3NJ6oEHUsL0dFJZ5rS/5/6iI9cRs3aOTLfCm6mpDjm5WjnFIZScnx96WmMCeuRWt4SXTAxQbvwCwr6n+hxgod7qQEBvttmeQVl1QRXSfredLOxTmJQaCS/PewbWNe0X4FnSVwPDOmWCIV7P7fRyW7jOgluEauFcKbeKWFHHlHM7Wvul5V7JuwgsAMm2b4UwHHKZUY+fRJjtBV5FN25OcoLse3KsFrwA6lAeEtQ6x+2B6nSJvt2f67ClW7H9uCx0vkJ+iwa9ulhHn5+Bcbb7XRBBfvgYf7KSgxDIP1Q2v9lHIfA/cS89tnWTI=
O6tmwsdh7tq79wGmnN0b4orYZ6zggYmsj0eGIY3fGXe6ewBMLh7Fh4pNPWYxKe7wI9KMwb2D7Te4UzTBVJvVPTvUp77WUMwzp12mVdWQ25XtvwuC/BHToWvE8NwVVEdLNMVMFW8xejQ5oloiF+j0100xSZzaMdJuhPEguxrBrzSTkwHl3e6UnSZf8sKCyFGuMgdzl5tB8lFeLexwtwD53o5zmr41I6BJ4USMJYNlp8sm6iqOFdzxRXMaWao337VzaBP5tFW8eqMRYcY5uzzd06Xho1QlO2uv0U1KEe5n32sB6aZi7Rf9GvnfZVkw
1ywPTJVmPz6oyNs4YEtmPp5rS/5/6iI9cRs3aOTLfCm6mpDjm5WjmlIZScn396WmMCeuRWt4SXTAxQbv0Sop/3u1xgod7qQEBvttmeQVl1QRXSfredLOxTmJQaCS/PewbWNe0X4FnSVwPDOmWCIV7P7fRyW7jOgluEauFcKbeKWFHHlHM7Wvul5V7JuwgsAMm2b4UwHHKZUY+fRJjtBV5FN25OcoLse3KsFrwA6lAeEtQ6x+2B6nSJvt2f67ClW7H9uCx0vkJ+iwa9ulhHn5+Bcbb7XRBBfvgYf7KSgxDIP1Q2v9lHIfA/cS89tnWTI=
qht54/rWmeSOev0Cznq6ie+SLNvPhoxEuEJJpJ8rsG0SQCddpzJByBIifubsPK4QhVUcZBDJd0acxkxf75mQ1gkD5r/6F88C88E1dHI4MXDZpCoFi3jN/npnLKTGNN+5M9Ot5rvBqLws3aKWandT8LfGFEPLWeLxb5cri3M8QD4F/n10hA8hw7FVYuNq8krvoRz/IpsZ/QtTu8BG0kqKw8VFRvxp2xUkikvlwifkD9ssZcZM5jqJRkQu+uYtZkcFRcZsvJYh3zRPIdmaXr73uAeMfFwhQEPEc11h33UsfwyfuVrkHcYG/NFiWTE=
OJjLo4g/rIJKCS1Kot7mIu+SLNvPhoxEuEJJpJ8rsG0SQCddpzJByBIifubsPK4QhVUcZBDJd0acxkxf5oqaywkB5r/6F88C88E1dHI4MXDZpCoFi3jN/npnLKTGNN+5M9Ot5rvBqLws3aKWandT8LfGFEPLWeLxb5cri3M8QD4F/n10hA8hw7FVYuNq8krvoRz/IpsZ/QtTu8BG0kqKw8VFRvxp2xUkikvlwifkD9ssZcZM5jqJRkQu+uYtZkcFRcZsvJYh3zRPIdmaXr73uAeMfFwhQEPEc11h33UsfwyfuVrkHcYG/NFiWTE=
xHv97VwKAA6sfdsP6Atk3k/0MEaPRBq0FLSzuISsrWtzx5lCCKvAWTx6IJCzWbei8j0V+RDDdXZ4Oslq7C/AuDwo+HiWwhof9pEW9edUh5t1qo7qiRa9DpqLB/pFiO7djFoahof/dxl9CJfjwKoYx6KIVmUr1pMs5I2HG6pHu23LNe9O2LiBdO3a6G2JFUWPor0WoHIJRTbPLJcb9f1HgeA4jnhSBQEPFpLFef2yPtFlXJt2932ID7YCKvhBcBBUmtgxlF8DQcx8knrD92I7e5lEomxP3mMmzNKtwsuy5+fBIameJ0rbc4oKMeRu6uV4WS8=
x6k3xEDBqq5uOTWAAzEjQyrMQHrWsVcf5jE8E01TrlUnTCvMkxGTqywsARbrWq32W1Si3oFEe1lc35rKz6LWwfDfp7SmJssCDd/4fj7sjduE2oiTwMwvqpH+4f1vhpNuDJodG6xKd+9BKTnmxxJru8rCQTxOUvXwWac=
PltVqLAYWjFwa6gM2PqR8CvMQHrWsVcf5jE8E01TrlUnTCvMkxGTqywtGxDrRrX3W1Si3oBEe1lc35rKz6LWwfDfp7SmJssCDd/4fj7sjduE2oiTwMwvqpH+4f1vhpNuDJodGahKdu9BKTnmxxJru8rCQTxOUvXwWac=
vaeZuyGFrgLP26mJDT3HsCvMQHrWsVcf5jE8E01TrlUnTCvMkxGTqywsGxDrRrX3W1Si3oBEe1lc35rKz6LWwfDfp7SmJssDDd/4fj7sjduE2oiTwMwvqpH+4f1vhpNuDJodHKpKdu9BKTnmxxJru8rCQTxOUvXwWac=
J1NJCluX5Z01fzjDkvD4X+Z9eH0/wgfGkoSXmOBrAhDJ4ZDqOddChFgHz9HDczRRGYmM8un8hpWtsAJ4Tt9bio1XagFUtT0TRBJ4S+D0P6KR9vHFT15jpsxSrU/LMuZnwaGpHifK2/OKijFkbmrl+Fmv
oDNpytjAWCB9z7S8tWz4pF9Cv01iAHiF0ia31j4ss6NK3zlRnU+u0oM7Ck5qha//16KvhFdbKz8rgDcVXqiEHwLqhc+kjsDXkGiHPhFqSVk/wts6LI4VHr1uXrsBfZFCV5bjL2qWCXgedt3kWbM=
2mPm4/LRD+oG4SNU6IkpVeZ9eH0/wgfGkoSXmOBrAhDJ4ZDqOddDhFgHz9HDczRRGYmM8un8hpWtsAJ4Tt9bi41XagFUtT0TRBJ4S+D0P6KR9vHFT15jpsxSrUTJMuFnwaGpHifK2/OKijFkbmrl+Fmv
mP0NWEyc5hTUEfMH9aV7El9Cv01iAHiF0ia31j4ss6NK3zlRnU+v0oM7Ck5qha//16KvhFdbKz8rgDcVXqiEHgLqhc+kjsDXkGiHPhFqSVk/wts6LI4VG7tuWbsBfZFCV5bjL2qWCXgedt3kWbM=
llXV2ak4czknjTjRmrmCPTNnclTYfCDSa2202JGLugFdV0QS3c/rQGRboxLxFQP/1BTpHyVVQachfsq3ifdrzNiOgfmAZOiO90xf7q+wl7zL2fyP1y9oUhR1aROQkAjkKEIMNOjFSdaOcSgWAl0rna/z75uVK9sd3aRbxxdWr7Q08ZCboZN/FdiSk+uD4ocjG1lO
dr45rLs9wPAxnPoFTFVX3hGk/2LKYIdExGG2KHOj4Csj40cWH0CZy58661LsJmWkWnYKU4EVQVo3LhOHKn45AL7ujcxZmw==
1IvnmmCKOd6ESz7bLHfshkZbeYgQV9vKOTavRUNzg8MR2/+VoYTHDzPG64zYMbzj5YOb3cTyL+NnUoN7t1ni
fHZ/HsX6m74aegpx74xtRFeX1X9hi81T5ufTYrTktwjnXPwMQfKCNNYNYY/V3L+8/+naNP12Roxxslnh
3xhzRg6Uhurknr92rWoqAzNnclTYfCDSa2202JGLugFdV0QS3c/rQGRboxLxFQP/1BTpHyVVQachfsq3ifdrzNiOgfmAZOiO90xf7q+wl7zL2fyP1y9oUhR1aROQkAjkKEIMNOjFSdaOcSgWAl0rna/z75uVK9sd3aRbxxBXr7Q08ZCboZN/FdiSk+uD4ocjG1lO
O2xE7BzZ/w4VEY5DVJS+TEZbeYgQV9vKOTavRUNzg8MR2/+VoYTHDzTH64zYMbzj5YOb3cTyL+NnUoN7t1ni
HR73tObY201Fk1xagqXSSleX1X9hi81T5ufTYrTktwjnXPwMQfWDNNYNYY/V3L+8/+naNP12Roxxslnh
khAtJjSiSCooFg02qpGpWxGk/2LKYIdExGG2KHOj4Csj40cWH0CZy58661LsJmWjW3YKU4EVQVo3LhOHKn45AL7ujcxZmw==
awo9czJ8Ne8FGGj+PwlF5l+vNrNbYnS9oxAXm8CsNq7+MW4jgWnfdLnzSz6VcaXRwh+be+UhugJRHxmq/YfJWZw=
ZZVpvu2GBxfZ7MHFcFGZf+ZhOSEaYXpeJ5oQXceIiwtMJLIuernisx3xOxRdi79OWTlhkQZXV0vZGZ4idQcFuvGPzVmY
ts9qRjwdpa5E0q6Wwy+ULgvLmFJqT82pqnpeS4xQXLOZvLNwmXS4PVU4nqo/F+7Hjs03e8/+o4bMMm2iS1IjhMHB6f6nqpsTiqpxxO7KpdhZjw==
ZVu9G+yLHqqSOh445sQiFAOR/cFZISzUj21ardQEfFlfHH/C3sS4N2r8h82SGU6P8z2HNO9IHEC5lRSof7oho83Yz0C3PXq4RdKW0JnGWY0=
WEd6MTF6xIEoIE1+bfilM0Q7bypZZX5gVP7L71UTJef8rqtDIq/YclxzK8K3sAJiyK3uch9v/s+OxScD7ybTTgx63Xgp6rIMQUl5RkfyK9vK4oGczjK10FmH
qhmeJEEpu2SBUDhmdD5fWUQ7bypZZX5gVP7L71UTJef8rqtDIq/YclxzK8K3sAJiyK3uch9v/s+OxScD7ybTTgx63X0t6rIMQUl5RkfyK9vK4oGczjK10FmH
MOpywSR2dV9oL2Z5iAYJURHPFLUr0JYN8YU0MKeUuwE8AUrDyJSTWUgursZlTIYRoZNZVD0QYKzJ496QaG6gjfBbX1XBhOdP3EZLQ7sxnKMFAzsdpPIPo4fSI7vXWYI=
JP/7nC+TKoRYph8s/j/7NGn1rzeqyZUgKHFPfYpMGRQFfYL59L92ZC0l9tYQutusOG0fa+cog+De0HcbYOzWrp7xzqNhKf902TPvuXU/hdGi3zv7BWGaAjHfuSodx+lZvA==
sJEuwyb/oSh6D7/DCpEAruP3o/rrdZPM6OM/ArlNDlhUxrvHtTt1Pzz2+6uCx2iK3AubKhfY0rqI9T5af0cO94791yuPDgMWTKINHokCDHTBscku5xp7gwo60bQuGsXoWb8=
BIV1DyUoXEvbUVX3hJ7kQx5+pMs0R7L0EYwyeT0jNYwJcHSUpTNi+PzuNGVMC7Nt1WTTFzj316IOcWiLGfMXRVBSm1srgt+Tw1mW
mNXRmmQjUWhXKWvdRiqhb+Ltp8vM2q/NTHCZ3o2ZkwSEiFgzMjJJ692GiAc3dhpaI/PIm8qgx4wGpvYhZ+hPjnZAGGuy6JfhWr3OMwsJ9zgHDHzcIcdARHPfYV91rH+MnzlaZB1GBnzR4lmx
cy4st6Lord3iZxQy/5Fmi0YitMN6E/+0V8Y2eT0jNYwJcHSUpTNi+PzuNGVMC7Nt1WTTFz7016EOcWiLGfMXRVBSm1srgt+Tw1mW
0XaYCdknqlaXTDuend1Y80Ydq6YZPWDe/4Yq4FajA6antAp26PkmNk+LVlsOUY/nv2IbGixu1Xw8jp/ZAZ3RItd2o09qtknYntadxFmT
fScYP6GT/yCgoYRgzIogfdJmFysAiC/JPiMmFu2/EHrJpU64wRVZBAiBu4yC1FdheG1WCq8SokQWhwuy92Ci8kg9DiJfXx7/jvXHM692M96M6n2raJqW/UE5WbaHootLSnLhTA4C1eBZtw==
BEBi/3HG0m3Bs9Z7i9cHcUYitMN6E/+0V8Y2eT0jNYwJcHSUpTNi+PzuNGVMC7Nt1WTTFzj116AOcWiLGfMXRVBSm1srgt+Tw1mW
P9z4Tbh1CAZtWknRdkkmWcqzYA0wn96rNFEY0ur/bmvhiEkmaEXjW+swl4DqKDtLvESiLmpZknOtUcuUzSvkiAkbUJH2N4eLifkOosVn9frBr91ZiA==
O23ImCSBnciqP41Xg1BM9ZPKjFZSuKMrdBSKLkKJ2pM1wXPUFVsY6MGq+xGRx8+rscnW4j33bVqJf7VZ4A==
xjbTtLY2PhcvJMvAhY4GHW03eRSidzOnykxHnXJpTp/TDcfkj7ic0Bkp1PicyCG87eiPkNfN+ijlYlaAebZZnQ==
5IebJF/YgxeuQwScRMkY1l+vNrNbYnS9oxAXm8GsNq7+MW4jgWnfdLnzTj+Vf6bRzR+be+UhugJRHxmq/YfJWZw=
DkN0hiT1kHebq+I68HMO/eZhOSEaYXpeJ5oQXceIiwtNJLIuernisx3xOxRdi79PWTdikQlXV0vZGZ4idQcFuvGPzVmY
ZwEMAvWJ8FFx1IoUeonQvAjLmFJqT82pqnpeS4xQXLOZvLNwmXS4PVU4nqo/Fu7Hjs03e8/+o4bMMm2jS1IlhMHO6f6nqpsTiqpxxO7KpdhZjw==
rIKuLBlspsXFV/X5AF1lXh5+pMs0R7L0EYwyeT0jNYwJcHeUpTNj+PzuNGVMC7Nt1WTTFznw16MPcWeLGfMXRVBSm1srgt+Tw1mW
2SF3R4vUkGD4hhtYaamlWeLtp8vM2q/NTHCZ3o2ZkwSEiFozMjJJ692GiAc3dhpaI/PIm8qgx4wGpvYhZ+hPjnZAGGiy6JfgWr3OMwsJ9zgHDHzcIcRERHHeYVB1rH+MnzlaZB1GBnzR4lmx
kNcxBYs06ftaKLMcHQeY80YitMN6E/+0V8Y2eT0jNYwJcHeUpTNj+PzuNGVMC7Nt1WTTFznw16MPcWeLGfMXRVBSm1srgt+Tw1mW
CdfZ9g6SvvVRoVy/BxIh9kYdq6YZPWDe/4Yq4FajA6antAp26PomNk+KVlsOUY/nv2IbGixu1Xo8jp3YAZLRItd2o09qtknYntadxFmT
yfk3863thtQ9yISqYRqv9NJmFysAiC/JPiMmFu2/E3rJpU64wRVZBAiBu4yC1FdheG1WCq8SokQWhwuy92Ci8kg+DiJfXh7/jvXHM692M96M6n2ubJqV/EE2WbaHootLSnLhTA4C1eBZtw==
kNcxBYs06ftaKLMcHQeY80YitMN6E/+0V8Y2eT0jNYwJcHeUpTNj+PzuNGVMC7Nt1WTTFznw16MPcWeLGfMXRVBSm1srgt+Tw1mW
lqXrlGgARrTsueW4tZ+AY1wmtMNwE/+0V8Y2eT0jNYwJcHeUpTNj+PzuNGVMC7Nt1WTTFzDw16MPcWeLGfMXRVBSm1srgt+Tw1mW
tSf9UWTtnTQDk790QiADBJPKjFZSuKMrdBSKLkKJ2pM1wXPUFVse7cGu+RGRx8+rscnW4j33bVqJf7VZ4A==
RVGneNWgEMkuClyWz/xB3Y/YjEtSuKMrdBSKLkKJ2pM1wXPUFVsZ7cGu+RGRx8+rscnW4j33bVqJf7VZ4A==
joV4fdmzXC6zTN5XEN6zElIBKJGThvfWabVHeBbbyDwxQ5ZgcG64/Tj7J8VpxA9/zqEDGEOxK3NNIyNtjDJnMz+y64vPWZo=
VCGYlXJ6UQp7+p9fS+cVNzNnclTYfCDSa2202JGLugFdV0QS3c/rQGRboxLxFQP/1BTpHyVVQachfsq3ifdrzNiOgfmAZOiO90xf7q+wl7zL2fyP1y9oUhR1aROQkAjkKEIMNOjFSdaOcSgWAl0rna/z75uVK9sd3aRbxxlVr7c38Z+boZN/FdiSk+uD4ocjG1lO
djWBAG1Hr9x+khwyE5k3tUZbeYgQV9vKOTavRUNzg8MR2/+VoYTHDz3F64/bMbPj5YOb3cTyL+NnUoN7t1ni
ouMbGjlTP/eJFBPq8HsksVeX1X9hi81T5ufTYrTktwjnXPwMQfyBNNUOYYDV3L+8/+naNP12Roxxslnh
CD7fFnYP88r7X4nFd6/dxRGk/2LKYIdExGG2KHOj4Csj40cWH0CZy58661LsJmWqWXYJUIEaQVo3LhOHKn45AL7ujcxZmw==
MOymRU03pogp/B+De6RUijNnclTYfCDSa2202JGLugFdV0QS3c/rQGRboxLxFQP/1BTpHyVVQachfsq3ifdrzNiOgfmAZOiO90xf7q+wl7zL2fyP1y9oUhR1aROQkAjkKEIMNOjFSdaOcSgWAl0rna/z75uVK9sd3aRbxxJWr7s38Z+boZN/FdiSk+uD4ocjG1lO
OOdVZERFb4caZKQG0wQsDkZbeYgQV9vKOTavRUNzg8MR2/+VoYTHDzbG64PbMbPj5YOb3cTyL+NnUoN7t1ni
ttrFyLqatMqryj5UGgPUq1eX1X9hi81T5ufTYrTktwjnXPwMQfeCNNkOYYDV3L+8/+naNP12Roxxslnh
BcpY4bxPgSCoTNCEb0A2WxGk/2LKYIdExGG2KHOj4Csj40cWH0CZy58661LsJmWhWnYFUIEaQVo3LhOHKn45AL7ujcxZmw==
LZgF2L6WiEyElSKtmZoxS3wBj4UvqywsFjpcFGXdrdQMGniNqC7YypPSC1IvlnO+jMo9Buo63RxBVpkWBwJLa0qSISyO4pXAWZc=
uEddi/wIkarSLmxKYYElp0oYji5WjiXzzZGrlK3rTw6pV3GRGXdnC2m5LqLlp1V6oW+9Weg=
s4mQEcfLJfKpHbN/s1q2Z0ZbeYgQV9vKOTavRUNzg8MR2/+VoYTHDz3G64PbMbPj5YOb3cTyL+NnUoN7t1ni
fExWMiSLC5l0qyBHjKyxqleX1X9hi81T5ufTYrTktwjnXPwMQfyCNNkOYYDV3L+8/+naNP12Roxxslnh
Em6/1rMOWx393IVhEF0CFQJ+pfhRQa4DnK/L6u7ol089Ai6g6q3nYycjVwngWjYwKMqtrzFSfMC847AstBxTuJ/sR0RP2JzwWchSWFGqIZytCA8wF636CKWC1iC51lm9
SU16xDyRKog43FE81pJDgsDEzen6c5zV75NoGbNQElYXzbmEpipmI3fxs7XPk3zEllKMLAXFnbzMsggVCFYI4pP62yqPDgMWTKINHooCDXTBvsku5xp7gwo60bQuGsXoWb8=
E7FbyhrhHYRm9c3MuY+UZ+n34szLQb3P2JNoGbNQElYXzbmEpipmI3fxs7XPk3zEllKMLAXFnbzMsggVCFYI4pP62yqPDgMWTKINHooCDXTBvsku5xp7gwo60bQuGsXoWb8=
2EsgA68E0eLPKUO3LKKvNSN+3NI6shAlQ2xqahfxwbhWFh4fl83LiT+vBPhW7vSQ9XnlACwOcKn46nBeE0ajln+ye6qsHnWier51yAGCsRIXJgO/6gapiN4mvdRZgw==
+lQGGQzoXKpINu8jtoBRgJYmR3lzynuSZWBhRovtQzGX6Fjhk0gCXhfFqZyG0lZrNzlDDa8L7EwW2hy05X3t9Ax6OG0oThjqk/LLMq92M96M6n2mapqd/EE2WbaHootLSnLhTA4C1eBZtw==
cRSXwViHr9k38Rw7CAq5xpGZkOiUPTy5jdwi6iax6dCxFjxXj0AfVwZv2cqNnJLvcj1Ae/zeHWbpymHZErfd5KEWEAxp+suzke3XQ0lZx7QBY4sejY8NUSUvg5utsUJCSe9RCgXX4Vm0
us4X/MRg28uxd4jpYGG2JR0d+hwmaS/JjDenySkaoqNm3SNEuC6w1YM8CloXwaHolua+jxddKzl//yQIVp7UQDXJhZCsntDZuDqQbhN2Q0Y/wts6LI4VErpuVbgBcpFCV5bjL2qWCXgedt3kWbM=
z17X9BdRy8oNLNIkMnxXoCL+P5UX89MH8Zx0KqmKvQEyF07W24WFGhY3pdtlVcgYoYFUXjBWPZ2asIvCfWqUmudbX1XBhOdP3EZLQ7sxk6MFAzsdpPIPo4fSI7vXWYI=
