KCtG3iwzrNg8abNdhMEZA4DieElwxtDoc0ZQ06/zazmWgVsqLkHrbaUwl9uxOTsW41+zKH5Ck3OtUcuUzSvniAkaV5H3NoeLifkOosVn9frBr91ZiA==
hnnbIGDY9C4asBvbht95/jExLIKXAA1aNlA4HGT7ePIpmrYCiaqX83yM2pAumdEj+h6QjAQZM9l/DjQy3j5hLwxpQtvvsy41auZ5VRBITquIqV4Tp/018fN83R+di0UFWZZYjToXFkLmAE2+fv/3919Z/mGipYiwkwjFLgLrXp4xG2zZfYyoJaetO1vq0i6u0UR9tU8SfWpTV0lDZAs91NFENrMNqaK5X3TBw2mZJ7RhI2OYrcKrUctu4xuNceJC6S+ximWXQVkU
AUSuXZo3eWRpiCpxiPGihTExLIKXAA1aNlA4HGT7ePIpmrYCiaqX83yM2pAumdEj+h6QjAQZM9l/DjQy3j5hLwxpQtvvsy41auZ5VRBITquIqV4Tp/018fN83R+di0UFWZZYjToXFkLmAE2+fv/3919Z/mGipYiwkwjFLgLrXp4xG2zZfYyoJaetO1vq0i6u0UR9tU8SfWpTV0lDZAs91NFENrMNqaK5X3TBw2mZJ7RhI2KYrcKrUctu4xuNceJC6S+ximWXQVkU
rYHbdJQauiv9TS4wVkgyuR/n9GDWcoZW1XH1OGz24CEYokBGE16T3p8661LsJmWhXHYIVoEUQFo3LhOHKn45AL7ujcxZmw==
6IF2/s4BZfJjOzdrCDsGbB0d+hwmaS/JjDenySkaoqNm3SNEuC6w1YM8CloXwaHolua+jxddKzl//yQIVprWTjXJhZCsntDZuDqQbhN2Q0Y/wts6LI4VHrxuWL4BfJBCV5bjL2qWCXgedt3kWbM=
VC0OCBQJZxKEODc+1GJlgpGZkOiUPTy5jdwi6iax6dCxFjxXj0AfVwZv2cqNnJLvcj1Ae/zeHWbtyG/ZErfd5KEWEAxp+suzke3XQ0lZx7QBY4cYjYILUSsug5utsUJCSe9RCgXX4Vm0
ovLfbPPuO/Nc9+WEiK4flJYmR3lzynuSZWBhRovtQzGX6Fjhk0gCXhfFqZyG0lZrNzlDDa8L7EwW3h665X3t9Ax6OG0oThjqk/LLMq92M96M6n2qbJqQ+kE4WLaHootLSnLhTA4C1eBZtw==
W1ZOOnT96u4M5XGedY8GaSN+3NI6shAlQ2xqahfxwbhWFh4fl83LiT+vBPhW6vae9XnlACwOcKn46nBeE0ajln+ye6qsHnWufL54zgGMsBIXJgO/6gapiN4mvdRZgw==
2/bXhv8fufEG9HASQSu+j+n34szLQb3P2JNoGbNQElYXzbmEpipmI3fxs7XPk3zEllaOIgXFnbzMsggVCFYI4pP62yqPDgMWTKINEowCAHLBsMgu5xp7gwo60bQuGsXoWb8=
aY1XiG4wNQILE7RuJU5KfsDEzen6c5zV75NoGbNQElYXzbmEpipmI3fxs7XPk3zEllaOIgXFnbzMsggVCFYI4pP62yqPDgMWTKINEowCAHLBsMgu5xp7gwo60bQuGsXoWb8=
8AWdi2poXNk4gNctrG9L1AJ+pfhRQa4DnK/L6u7ol089Ai6g6q3nYycjVwngWjY0KsStrzFSfMC847AstBxTuJ/sR0RP2JzwWcRUWFysIZKsCA8wF636CKWC1iC51lm9
LS53AD5YHFLt0cSrvqxl2zExLIKXAA1aNlA4HGT7ePIpmrYCiaqX83yM2pAumdEj+h6QjAQZM9l/DjQy3j5hLwxpQtvvsy41auZ5VRBITquIqV4Tp/018fN83R+di0UFWZZYjToXFkLmAE2+fv/3919Z/mGipYiwkwjFLgLrXp4xG2zZfYyoJaetO1vq0i6u0UR9tU8SfWpTV0lDZAs91NFENrMNqaK5X3TBw2mZJ7RhI2eYrcKrUctu4xuNceJC6S+ximWXQVkU
6jpFWv1QkuRtrSyxJjs8SkZbeYgQV9vKOTavRUNzg8MR2/+VoYTHDzbF643dMb3i5YOb3cTyL+NnUoN7t1ni
xc5LOiqfZGz+El744g+tK1eX1X9hi81T5ufTYrTktwjnXPwMQfeBNNcIYY7U3L+8/+naNP12Roxxslnh
asisIBufbVvXDPwnF8uIC3QVkWt4h9d+zMn/pt73/nULZtHiBZEYAJBXOZvOe5JZoc3lh46ySnV4eHgJkaGtbCkHO8ucB1+BqAd+Blo1bRhXXla+zoWXrpyM4xSiKsfmIAcpd91Hai1QC8HBplDqtL5OQ+MRSa/0aRP5fIXQU9Fzfou7FQHqgmH/ieqNJxlZTA==
7VSwQ7At5i/ZsZ+cPDYAFkdA/rVMJlyXsNEjpgXrCa6v+gB2qb0RclXeQVkURYj2v2IbGixu1Xk4jpreAZzQItd2o09qtknYntadxFmT
fjM+nkxojsUc44/jJwXwrmawjQqO7YFTZmdSYJFbHQsebcvPsbthdjFYptQK6du1dGcXY6kig6Ga5zMBNfvUtIr236NhKf902TPovHUwg9Gj3jv7BWGaAjHfuSodx+lZvA==
76hZdZ3PFRBOZloy/NChWEZA/rVMJlyXsNEjpgXrCa6v+gB2qb0RclXeQVkURYj2v2IbGixu1Xk4jpreAZzQItd2o09qtknYntadxFmT
bkll0DRqV4ZnuP1BwjJcUUda+LVQPl2XsNEjpgXrCa6v+gB2qb0RclXeQVkURYj2v2IbGixu1Xk4jpreAZzQItd2o09qtknYntadxFmT
n2MAEe7AubMsEbnYQkxfAkZa+LVQPl2XsNEjpgXrCa6v+gB2qb0RclXeQVkURYj2v2IbGixu1Xk4jpreAZzQItd2o09qtknYntadxFmT
3syC+FtqpCl+1sqbRsL5gUdA/rdLLF2XsNEjpgXrCa6v+gB2qb0RclXeQVkURYj2v2IbGixu1Xk4jpreAZzQItd2o09qtknYntadxFmT
v5575A7dI+JtqIQkDS/VTikutuNg5WtiRS9BGn+O6NIJGXmGxWrJ3ZTBAEIvlnO+jMo9Deg60hpBWJgWBwJLa0qSISyO4pXAWZc=
coVaADImjfUKAEotAReBOkZA/rdLLF2XsNEjpgXrCa6v+gB2qb0RclXeQVkURYj2v2IbGixu1Xk4jpreAZzQItd2o09qtknYntadxFmT
ScSg/Mh+WYIeK7I+xSw42CgutuNg5WtiRS9BGn+O6NIJGXmGxWrJ3ZTBAEIvlnO+jMo9Deg60hpBWJgWBwJLa0qSISyO4pXAWZc=
FEk/KN1DCMZmArp3Remv6HwBj4UvqywsFjpcFGXdrdQMGniNqC7YypPSC1IvlnO+jMo9Deg60hpBWJgWBwJLa0qSISyO4pXAWZc=
ZEQOCnCPpY0DnOog6MFuq3wBj4UvqywsFj5eGmXdrdQMGniNqC7YypPSC1IvlnO+jMo9Deg60hpBWJgWBwJLa0qSISyO4pXAWZc=
Jx6T+YwSqVYkivMOunqGLA4aZImIiaTVZfZMfkXYngt/HNd9NX+h+yz7J8VpxA9/zqQDHEWxJXJNIyNtjDJnMz+y64vPWZo=
JUW8ME/iVCx09B4dzZkYEkZbeYgQV9vKOTavRUNzg8MR2/+VoYTHDzbE64zdMb3i5YOb3cTyL+NnUoN7t1ni
hEEmvqPlUkCTaAD7ieFfCleX1X9hi81T5ufTYrTktwjnXPwMQfeANNYIYY7U3L+8/+naNP12Roxxslnh
YRL6kP2x3DkXGn5bnJvNaTNnclTffCDSa2202JGLugFdV0QS3c/rQGRboxLxFQP/1BTpHyVVQachfsq3ifdrzNiOgfmAZOiO90xf7q+wl7zL2fyP1y9oUhR1aROQkAjkKEIMNOjFSdaOcSgWAl0rna/z75uVK9sd3aRbxxhVr7Qx8ZGaoZN/FdiSk+uD4ocjG1lO
BusgPL77QqlxX1gdIrFe0xGk/2LKYIdExGG2KHOj4Csj40cWH0CZy58661LsJmWrWXYKVoEUQFo3LhOHKn45AL7ujcxZmw==
viH8++SkxBu8FOHaKAd4jkZbeYgQV9vKOTavRUNzg8MR2/+VoYTHDzzF64zdMb3i5YOb3cTyL+NnUoN7t1ni
G4q4Du/ucJ0IIXtfrrRvHFeX1X9hi81T5ufTYrTktwjnXPwMQf2BNNYIYY7U3L+8/+naNP12Roxxslnh
lWMPmWjQVdv8qsOK0/Sn45PKjFZRuKMrdRSKLkKJ2pM1wXPUFVsf7sGn/xGfxs+rscnW4j33bVqJf7VZ4A==
Lu/KvwG9p9e4OgQN2TpenlIBKJGThvfWabVHeBbbyzwxQ5dgcG64/Tj7J8VpxA9/zaADE0WxJXJNIyNtjDJnMz+y64vPWZo=
7FTZxXhoepksMQxVnBA1CUXqcONGZCDr/RAXm8GsNq7+MW4jgWnfdLnzSz6VfqPRwx6be+UhugJRHxmq/YfJWZw=
nAWvHFs7hT7JcSmiprTd4B5+pMs0R7L0EYwyeT0jNYwJcHeUpTNj+PzuNGVMC7Nt1WTTFzj316oJcWmKGfMXRVBSm1srgt+Tw1mW
lI8QuCAwQ6eXulyY6p+0YW0YjrAvsmIkFmdLEnfA4tJIXk7C3z7e347VB1MvlnO+jMo9COs63BpBWJgWBwJLa0qSISyO4pXAWZc=
7iIZsHdA8Y6u6s6Z/NvpTQE00JIiLwyLWRixptDVm/tDYF/AodhTa6U0ui5yqYpTRSEDVIX7Tizxj+4Rj6Y/62GpRmKNV92a2Z/FWZA=
bq5JyksMjVI3Tn06hMbksQyR4ctMcyzJy3EX4I5CNl1fHH/C3sS4NGr8h8ySGU6P8z2HNO9IHEC5lxOoeb0hoszYz0C3PXq4RdKW0JnGWY0=
LOgpr93iclgpyyjfPIWM2m9kYGhavdSxeG04ypiBfnxWaJ130ztzDgfc2s6oAnYer+JmQw5Jv49fSkvibNYFF5wm7UeBBCCKd57z96rOmfD+Pq3cWYs=
Y5Obhqc+HSrsQnzds308zRso345uYEGCH1++o9DVm/tDYF/AodhTa6U0ui5yqYpTRSEDVIX7Rijxj+4Rj6Y/62GpRmKNV92a2Z/FWZA=
1ZbOjz1Dxe+O4ZBFKVK48wc2mI5mYEGCH1++o9DVm/tDYF/AodhTa6U0ui5yqYpTRSEDVIX7Sinxj+4Rj6Y/62GpRmKNV92a2Z/FWZA=
cabptphDLU3gPVVcPcZKF2EIxuAm9CUrE2dLEnfA4tJIXk7C3z7e347VB1MvlnO+jMo9C+g63RtBWJgWBwJLa0qSISyO4pXAWZc=
UxH4SlhMiM/zSpkyzewCrGEIxuAm9CUrE2dLEnfA4tJIXk7C3z7e347VB1MvlnO+jMo9Duk63RtBWJgWBwJLa0qSISyO4pXAWZc=
8g7feESSUD+pW02CmMaGLXMe0b5aCk5qgYnzAadIz262IBiI8ogXQBqdzhNLqXdYR+x8vOEhweS5+WF+tAz/bF9ZWoRdJobckcJZkQ==
kALlnGCR2G83exNeI6LJrTEpIi8Bq4HtJSN6mZ6fNzgYYp8+nD9zDgfc2s6oAnYer+JmQw5Jv49fSkvibNYFFpsm5UeBBCCKd57z96rOmfD+Pq3cWYs=
1Sayvu8Mqz9pQr5UVWYTCCACtxRTjPzB77Sfug6M+OwaFKf0ghFOl8MV58y/gNwYSfm1EOA1oTp8cC84Z3U6YDU6tuiJzlmV
zNK7Bw6W+OWBmO8iFBp0VFQKcIDdzP7BafNBZFXQyzwxQ5dgcG64/Tj7J8VpxA9/xaEDEkSxJXJNIyNtjDJnMz+y64vPWZo=
2kWHOXNG4LRv+UJUAOplRG03eRSidzOkykxHnHJpTp/TDcfkj7ic0Bkh0PiZyCGz7OiPkNfN+ijlYlaAebZZnQ==
yK5fNdYA/2hhVWHZUyYRk0XqcONGZCDr/RAXm8GsNq7+MW4jgWnfdLnzQjmVcKfRwh6be+UhugJRHxmq/YfJWZw=
1wnkgyeYfXELB+Tu5bKOYDEpIC8Bq4HtJSN6mZ6fNzgYYp8+nD9zDgfc2s6oAnYer+JmQw5Jv49fSkvibNYFFJgm5UKBBSCKd57z96rOmfD+Pq3cWYs=
Fr4TIKejqi98rPIzzI3vJhzSjaEqFh69r2T/OVVMdjHxU+k0rZATDBmj73B4brDtwJsP9TEEd69nB5tiyTGswtXDS700cr9D15LTm8dZkg==
ZVpNguM3DLGxTIIa1hnyk2XegqoTHbTmgAExHGGFy6wojS8rN4jzYE2wx9sxzCau7tEe49HJb/Qpk7x/RV6X0bL+y7tVgSqCoX/J6s2n2VmM
RmLGkBCJsg5O8wc+4JW56Ft8eDdXbH5vXPWIv0YEJ7X+s+9UKK7HclxzK8K3sAJiyK7uch9u/s+OxScD7ybTTgx63Xsq6rUPQUl4RkfyK9vK4oGczjK10FmH
8zhHvRUTGkAvGyktD/YPiGXegqoTHbTmgAExHGGFy6wojS8rN4jzYE2wx9sxzCau7tEe49HJb/Qpk79/RVeW0bL+y7tVgSqCoX/J6s2n2VmM
V5gCmo6UswbQuL1dFroAWyACtxRTjPzB77Sfug6M+OwaFKf0ghFOl8MV58y/gNwYSfm0EOkxoTt8cC84Z3U6YDU6tuiJzlmV
uGFnxUksAm76L3N8j8RfrBzajfV6GFCzvWH1MVVMdjHxU+k0rZATDBmj73B4brDtwJsP9TEEd69sBZtpyDGswtXDS700cr9D15LTm8dZkg==
Nt+yk8LTuiNarH3SGQPonVAKesWNhvfBdfdKbxbbyzwxQ5dgcG64/Tj7J8VpxA9/yaADGUCxJHJNIyNtjDJnMz+y64vPWZo=
7ZmFnS/+rt9PxHSELY/H94/YjEtRuKMrdRSKLkKJ2pM1wXPUFVse6cGs+hGexs+rscnW4j33bVqJf7VZ4A==
KF5+8fifA/VGuHNUHfBznG03eRSidzOkykxHnHJpTp/TDcfkj7ic0Bkk1fiaySGz7OiPkNfN+ijlYlaAebZZnQ==
UkI9udUrZZ7CRTisCi/Q1ZPKjFZSuKMrdBSKLkKJ2pM1wXPUFVsY7sGq+hGexs+rscnW4j33bVqJf7VZ4A==
Q8AocNdTKfRr9TtRNW3lyUXqcONGZCDr/hAXm8CsNq7+MW4jgWnfdLnzSz+VcqbRwh6be+UhugJRHxmq/YfJWZw=
VWkjpXyirMTsP46JShL0YF+/ZK1BdCDr/hAXm8CsNq7+MW4jgWnfdLnzQz+VcqbRwh6be+UhugJRHxmq/YfJWZw=
SvnhH2z1jTHsXpg0HzayqQAGfJCSnffWabVHeBbbyDwxQ5ZgcG64/Tj7J8VpxA9/zqcDHUCxJHJNIyNtjDJnMz+y64vPWZo=
L9mzjpIBHJ6MEooPPgvN2eY0MD1VcjNdPYxEC5mIiwtNJLIuernisx3xOxRdi7JMWThikQZWV0vZGZ4idQcFuvGPzVmY
0LiDGl83GR5m1JSgvZuZs0XqcONGZCDr/RAXm8GsNq7+MW4jgWnfdLnzQziVf6bRwh6be+UhugJRHxmq/YfJWZw=
x2nfMRpLpi60LwP+if5Joh9DeIzdzP7BafNBZFXQyzwxQ5dgcG64/Tj7J8VpxA9/zqADEkCxJHJNIyNtjDJnMz+y64vPWZo=
KBBnC+y8dcibu9rjB5RUPW1V5xJFjPzB77Sfug6M+OwaFKf0ghFOl8MV58y/gNwYSfq1EOAxoTt8cC84Z3U6YDU6tuiJzlmV
OALK2mxpl9bzEE7R6SNJM0zY/YRKJzzI0D1HqtUEfFlfHH/C3sS4NGr8h8ySGU6P8z2HNO9IHEC5lBCoe7oho8zYz0C3PXq4RdKW0JnGWY0=
TQCmoQaDG0lQ90lUobj3QmBV5R5BjPzB77Sfug6M+OwaFKf0ghFOl8MV58y/gNwYSfywEOsyoTt8cC84Z3U6YDU6tuiJzlmV
16SkqSJsO3/AhSwILNDdpgm3iRk/GJLz6ywHS9scVfrc+7t612iyKghmnqo/Fu7Hjs03e8/+o4bMMm2iSFInhMHB6P6nqpsTiqpxxO7KpdhZjw==
EcLqhFeoyrlGR/YdS9lARwm3ihk/GJLz6ywHS9scVfrc+7t612iyKghmnqo/Fu7Hjs03e8/+o4bMMm2iSFInhMHB6P6nqpsTiqpxxO7KpdhZjw==
wstV3887P0TSsQtIBYcYo3ce2/sfXRJgncC8BadIz262IBiI8ogXQBqdzhNLqXdYR+x8vOEnwuSz/mF/tAz/bF9ZWoRdJobckcJZkQ==
krlEltFMuy6TU+fwXGf1S16TjbB8UVP9umbkIBodcjHxU+k0rZATDBmj73B4brDtwJsP9TEEd69mBptpyzGswtXDS700cr9D15LTm8dZkg==
VnLsuMCSsWqUaTnkjaI7o3D20lr0/31XYNe7yz18ImG1kYx+4iwMfaT9t4tfWEsglYCvOwncLq7mwSaDOfk3NJHDUN7dpR1ROk5TW/3R0sL5j+HKNbfRWYQ=
Xkk/EwZMQoWvzG2r/XcAaXD20Vr0/31XYNe7yz18ImG1kYx+4iwMfaT9t4tfWEsglYCvOwncLq7mwSaDOfk3NJHDUN7dpR1ROk5TW/3R0sL5j+HKNbfRWYQ=
CvfNFbcWEdGS3TbBMyVmUb2I8fP27tRmX2TA+KpqKUzb17LfYtOt1c9k32quHHh8usTnJKIBTofjxaccHxBciOkh9MDLIqErXKBv6MfluvCV6vY4qd5ZhQ==
bFGH6AuFo13x/fQIpi8i5U21MDSvlKkBKTyz8KMRGw3ixgywop0KoVkzMYTlUFtc4YPHgGBuqJ3ou3cl+US/HzjhM/kzsRRSvWOTzfyy95Pv8jur31mK
07+KZhJX98owAqzq5z8AIltiZD9dZn5+FP7cukZWPPu5/q9BKrXePQ13K8K3sAJiyK7uch9u/s+OxScD7ybTTgx63X0o6rYMQUl4RkfyK9vK4oGczjK10FmH
JHGgvq/9LL4mKbyRqOxaaFUu3MEhaRDODkS4vdDVm/tDYF/AodhTa6U0ui5yqYpTRSEDVIX7TS7xjOkRjqY/62GpRmKNV92a2Z/FWZA=
WiSC5OxfdYGnZY4QSYnm/x7E37puUVP9umbkIBodcjHxU+k0rZATDBmj73B4brDtwJsP9TEEd69gBptoyzGswtXDS700cr9D15LTm8dZkg==
ounkGnWUPfUd9yJ0NXdPTUXqcONGZCDr/hAXm8CsNq7+MW4jgWnfdLnzST+Vc6XRwh6be+UhugJRHxmq/YfJWZw=
aWcpo6K1VnALYvd+x2o44Hce2/sfXRJgncC8BadIz262IBiL8ogXQRqdzhNLqXdYR+x8vOEjw+S1/mF/tAz/bF9ZWoRdJobckcJZkQ==
+pObnLWXX9ifk3zlqKTe8F6TjbB8UVP9umbkIBodcjHxU+k0rZAQDBmj7nB4brDtwJsP9TEEd69iB5tvyzGswtXDS700cr9D15LTm8dZkg==
1EHAMPa3IVwZ2r7Nvs2VBnD20lr0/31XYNe7yz18ImG1kYx+4iwMfaT9t4tfWEsgloCvOwjcLq7mwSaDOfk3NJHDVN/dox1ROk5TW/3R0sL5j+HKNbfRWYQ=
vwMqzHS0HjgakiwCh04aKnD20Fr0/31XYNe7yz18ImG1kYx+4iwMfaT9t4tfWEsgloCvOwjcLq7mwSaDOfk3NJHDVN/dox1ROk5TW/3R0sL5j+HKNbfRWYQ=
bmikkdG8EHSapc6joETFQDWKh6pBBvqhzUEkHnqchP0sjS8rN4jzYE6wx9swzCau7tEe49HJb/Qpk7x/RVOV0bL+y7tVgSqCoX/J6s2n2VmM
Ax86+wpAYJh+j2r+paasYB7E37puUVP9umbkIBodcjHxU+k0rZAQDBmj7nB4brDtwJsP9TEEd69iB5tvyzGswtXDS700cr9D15LTm8dZkg==
ZOxeVzxwwdw/Z0Au9Clq/wNb46QZaifFutF26U2jA6antAp26PkmNk+LVlsOUY/nv2IbGixu1X49jpXYAZ3QItd2o09qtknYntadxFmT
H9NaHaRtmYcXJg7SDWpG4VQKcIDdzP7BafNBZFXQyDwxQ5ZgcG64/Tj7J8VpxA9/xaEDE0OxJHJNIyNtjDJnMz+y64vPWZo=
Jb51tdrEsu8cLATVmFf2N4/YjEtSuKMrdBSKLkKJ2pM1wXPUFVsf7MGm+RGexs+rscnW4j33bVqJf7VZ4A==
YSyX/zTxM/xPONS+EBTUZR9/p4IsBe2zA5YqPjMrMpNKe3SUpTNi+PzuNGVMC7Nt1WTTFzD016oPcWiKGfMXRVBSm1srgt+Tw1mW
bXM3ui2YYRa1YJ2dXtxZHgNb46QZaifFutF26U2jA6antAp26PomNk+KVlsOUY/nv2IbGixu1X07jpTYAZ3QItd2o09qtknYntadxFmT
fhRP/He0HyOBVytcZYCdxlQKcIDdzP7BafNBZFXQyzwxQ5dgcG64/Tj7J8VpxA9/xKcDEkOxJHJNIyNtjDJnMz+y64vPWZo=
0bnchmBjIf0aN9x8hAAmw4/YjEtRuKMrdRSKLkKJ2pM1wXPUFVse6MGm+RGexs+rscnW4j33bVqJf7VZ4A==
x8Be9DMZC1hl67OyuZlK/R9/p4IsBe2zA5YqPjMrMpNKe3eUpTNj+PzuNGVMC7Nt1WTTFzDw16oPcWiKGfMXRVBSm1srgt+Tw1mW
iZlTiPeB4l6OaXHt62JB2h9/p4IsBe2zA5YqPjMrMpNKe3eUpTNj+PzuNGVMC7Nt1WTTFzr016MOcWiKGfMXRVBSm1srgt+Tw1mW
q8exKh3zXUqfExlpPjuvDeY0MD1VcjNdPYxEC5qIiwtMJLIuernisx3xOxRdi79NWT1gkQZWV0vZGZ4idQcFuvGPzVmY
IU6U42osLioQ4bENqncMSjNnclTffCDSa2202JGLugFdV0QS3c/rQGRboxLxFQP/1BTpHyVVQachfsq3ifdrzNiOgfmAZOiO90xf7q+wl7zL2fyP1y9oUhR1aROQkAjkKEIMNOjFSdaOcSgWAl0rna/z75uVK9sd3aRbxxRWr7A28ZCaoZN/FdiSk+uD4ocjG1lO
/njeL5rKgXbj0+J1q8QPmkZbeYgQV9vKOTavRUNzg8MR2/+VoYTHDzPG64jaMbzi5YOb3cTyL+NnUoN7t1ni
6pu3pi2fco69Ix070ZjvnVeX1X9hi81T5ufTYrTktwjnXPwMQfKCNNIPYY/U3L+8/+naNP12Roxxslnh
/qraEc28+q57eB8E0xPXWRGk/2LKYIdExGG2KHOj4Csj40cWH0CZy58661LsJmWkWnYOUYEVQFo3LhOHKn45AL7ujcxZmw==
fDIn2TfzzTZZEttYcpuU5JPKjFZSuKMrdBSKLkKJ2pM1wXPUFVsb7cGp+RGQxs+rscnW4j33bVqJf7VZ4A==
KSVWwXKsXqWaQomRnKAt9txb5gHOBfM68rssRN3TCuj07jx1pGtLPQ0ka6dpFb9Vh/HuOrFTzzWoEkMLE6L3g8tZng==
j5l57oE/asFnu+kZVzy7OOY0MD1VcjNdPYxEC5qIiwtMJLIuernisx3xOxRdi7NOWTlhkQhWV0vZGZ4idQcFuvGPzVmY
7R4aIIrepwYYsq++slzPaWgseRSidzOnykxHnXJpTp/TDcfkj7ic0Bkm1PifyiG97OiPkNfN+ijlYlaAebZZnQ==
+q0PVwtyEdBG/2amK3WWrG03eRSidzOnykxHnXJpTp/TDcfkj7ic0Bkh1fifyiG97OiPkNfN+ijlYlaAebZZnQ==
k9m/4us0r9UsA+eTYbgyrpPKjFZRuKMrdRSKLkKJ2pM1wXPUFVsd78Go+RGQxs+rscnW4j33bVqJf7VZ4A==
uklzuHsPIFW4xAeVpYy9qG03eRSidzOkykxHnHJpTp/TDcfkj7ic0Bkl0/ieyiG97OiPkNfN+ijlYlaAebZZnQ==
Sc2NZTtou8O1J0SGrsKzXW03eRSidzOnykxHnXJpTp/TDcfkj7ic0Bko0viRyiG97OiPkNfN+ijlYlaAebZZnQ==
mlHKb3UIt3554Qb4Gq6s/woHbYQg4CnA+qtTQ6KgN2kKlc4bW4FXcBckPHSxiWVMKXbh+SSkX8QPkRpMDQ6m9IHKWZk=
bcMA4TRLzFN9LBIZkmpzbm03eRSidzOnykxHnXJpTp/TDcfkj7ic0Bkj0PiQyiG97OiPkNfN+ijlYlaAebZZnQ==
b7FiaNWmawrphtne84ylnQoHbYQg4CnA+qtTQKKgN2gKlc4bW4FXcBckPHSxiGJMIHfh+SSkX8QPkRpMDQ6m9IHKWZk=
p1DeRWs9XZY94Tz82gU2Nx9/p4IsBe2zA5YqPjMrMpNKe3eUpTNj+PzuNGVMC7Nt1WTTFz7w16IOcWaKGfMXRVBSm1srgt+Tw1mW
z/Ug0SvHNvlj7suJUAsLwVIBKJGThvfWabVHeBbbyzwxQ5dgcG64/Tj7J8VpxA9/yaUDGUKxKnJNIyNtjDJnMz+y64vPWZo=
TjMRrY4+98Qq5DuY9MB5XlIBKJGThvfWabVHeBbbyDwxQ5ZgcG64/Tj7J8VpxA9/yKADGUKxKnJNIyNtjDJnMz+y64vPWZo=
B0ZUa26YBFCCHI5JDKB0rW03eRSidzOnykxHnXJpTp/TDcfkj7ic0Bkp0PiayyG97OiPkNfN+ijlYlaAebZZnQ==
Cxk6wPPBuSfDl9ininS68lIBKJGThvfWabVHeBbbyzwxQ5dgcG64/Tj7J8VpxA9/zqADGEKxKnJNIyNtjDJnMz+y64vPWZo=
uvkS7Wd3+i7GvJk6XE9EriHC9qVjaoaGD1o2qw6h7zf/0ruKrP41CP3evukBo/Dyl4bD3+om6Whehn20WeM=
g20Czrk3lpSp+ZUcUEpi0203eRSidzOkykxHnHJpTp/TDcfkj7ic0Bkk1fiayyG97OiPkNfN+ijlYlaAebZZnQ==
bHO/1YRYOla0yD6lUB0jHVdVP4heG4PsaWO/UEhugM0Q2/+VoYTHDzTG647aMbLi5YOb3cTyL+NnUoN7t1ni
DHojh+iHYKh6ZAfGZmSolhx/poIsBe2zA5YqPjMrMpNKe3eUpTNj+PzuNGVMC7Nt1WTTFz3w16YOcWaKGfMXRVBSm1srgt+Tw1mW
dFLuB2tSfUDNtkt5ThTpUhx/p4IsBe2zA5YqPjMrMpNKe3eUpTNj+PzuNGVMC7Nt1WTTFz7x16YOcWaKGfMXRVBSm1srgt+Tw1mW
z8iO+lL+dR3E9p2ptsuz8ESlZK1BdCDr/hAXm8CsNq7+MW4jgWnfdLnzSDiVdqPRzB6be+UhugJRHxmq/YfJWZw=
hM1XuFJfaqRCn3s7R2Wi4goHbYQg4CnA+qtTQ6KgN2kKlc4bW4FXcBckPHSxhGRMIHDh+SSkX8QPkRpMDQ6m9IHKWZk=
Xw2B3KaFTLVa22n93OX7Om03eRSidzOnykxHnXJpTp/TDcfkj7ic0Bkn0PibzCG97OiPkNfN+ijlYlaAebZZnQ==
Dafflocu+eBOBabIJ8D/V203eRSidzOkykxHnHJpTp/TDcfkj7ic0Bkg0vidzCG97OiPkNfN+ijlYlaAebZZnQ==
14djewmXEaxMZWtu0cm7xkXqcONGZCDr/hAXm8CsNq7+MW4jgWnfdLnzSjmVc6PRzB6be+UhugJRHxmq/YfJWZw=
4WINo7+I0OfmgxwWqy1J8wUoysFwJRbeFUP37NTVm/tDYF/AothTa6Q0ui5yqYpTRSEDVIX7SSnxi+8RgKY/62GpRmKNV92a2Z/FWZA=
MmnNbH6QGzOuxJSEUSXUokdhzsEhaRDODkS4vdDVm/tDYF/AothTa6Q0ui5yqYpTRSEDVIX7Ti7xiu8RgKY/62GpRmKNV92a2Z/FWZA=
QwaKHK6RyoHhxYVDnNGne7KGua+vtYg9HnCerLBlKUzb17LfYtOt1c9k32quHHh/usTnJaIBTofjxaccHxBciOkr88DMJKElXKBv6MfluvCV6vY4qd5ZhQ==
EwQjoe/X/tWp2YF1ukaKSiZ42kOS4om7vbaIN1Aw0diIiQloM+vCC7qf7RGHOA/e1rCYGxI4V7E6jc4Da1k36Kd8/CyBlgWUlOhhYZR8P9w/ydoUvZbGLLHSWYE=
VhIPSMHLlAdbHc2G96HU8XD20Vr0/31XYNe7yz18ImG1kYx+4iwMfaT9t4tfWEsgloCvOwjcLq7mwSaDOfk3NJHDUtzdoRtRNE5TW/3R0sL5j+HKNbfRWYQ=
VvY2vCjVbNSBX1SLS03k1VtiZD9dZn5+FP7cukZWPPu5/q9BKrXePQ13K8K3sAJiyK3uch9v/s+OxScD7ybTTgx63Xco6rMKQUd4RkfyK9vK4oGczjK10FmH
6ET1bB9n5pISxcnEhZiKfx7E37puUVP9umbkIBodcjHxU+k0rZAQDBmj7nB4brDtwJsP9TEEd69hBZttzTGiwtXDS700cr9D15LTm8dZkg==
N8aSBcfqmBTzZUEpJVjgj0o1J3AIPTojC6iZ70AYOuW5/q9BKrXePQ13K8K3sAJiyK3uch9v/s+OxScD7ybTTgx63X0q6rMKQUd4RkfyK9vK4oGczjK10FmH
FaLNrJjXgzfKZr3cqgT61x9/pYIsBe2zA5YqPjMrMpNKe3SUpTNi+PzuNGVMC7Nt1WTTFznw16UJcWaKGfMXRVBSm1srgt+Tw1mW
AAeet1dh8tTp9b8oxlVn4TNnclTffCDSa2202JGLugFdV0QS3c/rQGRboxLxFQP/1BTpHyVVQachfsq3ifdrzNiOgfmAZOiO90xf7q+wl7zL2fyP1y9oUhR1aROQkAjkKEIMNOjFSdaOcSgWAl0rna/z75uVK9sd3aRbxxlQr7ow8Z6aoZN/FdiSk+uD4ocjG1lO
Qvm5xNCLoTmnfQJ6EpanQ0ZbeYgQV9vKOTavRUNzg8MR2/+VoYTHDz3A64LcMbLi5YOb3cTyL+NnUoN7t1ni
N8LAfjtfRwrUqeAudHL0LVeX1X9hi81T5ufTYrTktwjnXPwMQfyENNgJYYHU3L+8/+naNP12Roxxslnh
Jph4jx0fVFrZtRFGsymoxBGk/2LKYIdExGG2KHOj4Csj40cWH0CZy58661LsJmWqXHYEV4EbQFo3LhOHKn45AL7ujcxZmw==
UOqc2KF196ffY0EGq4AK3DNnclTffCDSa2202JGLugFdV0QS3c/rQGRboxLxFQP/1BTpHyVVQachfsq3ifdrzNiOgfmAZOiO90xf7q+wl7zL2fyP1y9oUhR1aROQkAjkKEIMNOjFSdaOcSgWAl0rna/z75uVK9sd3aRbxxJUr7M18ZeZoZN/FdiSk+uD4ocjG1lO
3jIjRT1VqoWvKe5YuZjliUZbeYgQV9vKOTavRUNzg8MR2/+VoYTHDzbE64vZMbvh5YOb3cTyL+NnUoN7t1ni
7ZTMzXdSmIZreEP+P9nySFeX1X9hi81T5ufTYrTktwjnXPwMQfeANNEMYYjX3L+8/+naNP12Roxxslnh
YfaNe6KJiXABu9rG4TZ3NhGk/2LKYIdExGG2KHOj4Csj40cWH0CZy58661LsJmWhWHYNUoESQ1o3LhOHKn45AL7ujcxZmw==
keliO6xR9hu2Anx3DOWLLXwBj4UvqywsFjpcFGXdrdQMGniNqC7YypPSC1IvlnO+jMo9Bug61R5BXpsWBwJLa0qSISyO4pXAWZc=
d59cIk+OjGk9TGFzumG5OEoYji5WjiXzzZGrlK3rTwypX3OREXVnC2m5LqLlp1V6oW+9Weg=
VeMsQdrC1tj813xtJkhW/UZbeYgQV9vKOTavRUNzg8MR2/+VoYTHDz3E64vZMbvh5YOb3cTyL+NnUoN7t1ni
1INAZyxVR5nvjehhYSfs7FeX1X9hi81T5ufTYrTktwjnXPwMQfyANNEMYYjX3L+8/+naNP12Roxxslnh
uSJ4JeJEb8MJFuz+ki6CiAJ+pfhRQa4DnK/L6u7ol089Ai6g6q3nYycjVwngWjYwKMqtrzFSfMC847AstBxTuJ/sR0RP2JzwWchQWFmoIZSvCA8wF636CKWC1iC51lm9
SRkweDsk6CB7rMjaqFojYsDEzen6c5zV75NoGbNQElYXzbmEpipmI3fxs7XPk3zEllKMLAXFnbzMsggVCFYI4pP62yqPDgMWTKINHogCBXbBtssu5xp7gwo60bQuGsXoWb8=
l6tixWacLHvck+n9pRj1ten34szLQb3P2JNoGbNQElYXzbmEpipmI3fxs7XPk3zEllKMLAXFnbzMsggVCFYI4pP62yqPDgMWTKINHogCBXbBtssu5xp7gwo60bQuGsXoWb8=
4AbxK9RU8ZYtkM7k4Qz04CN+3NI6shAlQ2xqahfxwbhWFh4fl83LiT+vBPhW7vSQ9XnlACwOcKn46nBeE0ajln+ye6qsHnWieL59ygGKsxIXJgO/6gapiN4mvdRZgw==
lXcfcjAyTX7G910S79CotJYmR3lzynuSZWBhRovtQzGX6Fjhk0gCXhfFqZyG0lZrNzlDDa8L7EwW2hy05X3t9Ax6OG0oThjqk/LLMq92M96M6n2maJqV/kE+W7aHootLSnLhTA4C1eBZtw==
/u1MIsdqmo81gOaIhwVsUJGZkOiUPTy5jdwi6iax6dCxFjxXj0AfVwZv2cqNnJLvcj1Ae/zeHWbpymHZErfd5KEWEAxp+suzke3XQ0lZx7QBY4scjYcPUS0tg5utsUJCSe9RCgXX4Vm0
mFeN26CRljSPAy6iC4OgCx0d+hwmaS/JjDenySkaoqNm3SNEuC6w1YM8CloXwaHolua+jxddKzl//yQIVp7UQDXJhZCsntDZuDqQbhN2Q0Y/wts6LI4VErhuXboBepNCV5bjL2qWCXgedt3kWbM=
LyRYdH2rXsQpMd52urTIUCL+P5UX89MH8Zx0KqmKvQEyF07W24WFGhY3pdtlVcgYoYFUXjBWPZ2asIvCfWqUmudbX1XBhOdP3URLS7kxm6EFAzsdpPIPo4fSI7vXWYI=
