jWhGD0np5xChsmMRG5IdYIDieElwxtDoc0ZQ06/zazmWgVsqLkHrbaUwl9uxOTsW41+zKH5Ck3OtUcuUzSvjiQkZU5HxNoeMifkOosVn9frBnNxniA==
rvrUcYeHUF/4DHDgRYM1/DExLIKXAA1aNlA4HGT7ePIpmrYCiaqX83yM2pAumdEj+h6QjAQZM9l/DjQy3j5hLwxpQtvvsy41auZ5VRBITquIqV4Tp/018fN83R+di0UFWZZYjToXFkLmAE2+fv/3919Z/mGipYiwkwjFLgLrXp4xG2zZfYyoJaetO1vq0i6u0UR9tU8SfWpTV0lDZAs91NFENrMNqaK5X3TBw2mZJ7RhI2eZrcGvUc1u4xyNceJC6S+ximWkQGcU
i3rW3aErWyKUxvr3k/CiqjExLIKXAA1aNlA4HGT7ePIpmrYCiaqX83yM2pAumdEj+h6QjAQZM9l/DjQy3j5hLwxpQtvvsy41auZ5VRBITquIqV4Tp/018fN83R+di0UFWZZYjToXFkLmAE2+fv/3919Z/mGipYiwkwjFLgLrXp4xG2zZfYyoJaetO1vq0i6u0UR9tU8SfWpTV0lDZAs91NFENrMNqaK5X3TBw2mZJ7RhI2aZrcGvUc1u4xyNceJC6S+ximWkQGcU
6yl5mqxejHdTHkkk+ZL4hh/n9GDWcoZW1XH1OGz24CEYokBGE16T3p8661LsJmWlXXYLUoESQFowLhOHKn45AL7uvs1nmw==
FT8fHvHJ4pzdlxS/CKFjah0d+hwmaS/JjDenySkaoqNm3SNEuC6w1YM8CloXwaHolua+jxddKzl//yQIVprWTjXJhZCsntDZuDqQbhN2Q0Y/wts6LI4VEr1uW7oBepBCUJbjL2qWCXgedu7lZ7M=
Y6yXTflDUfanXSMKQMd8EpGZkOiUPTy5jdwi6iax6dCxFjxXj0AfVwZv2cqNnJLvcj1Ae/zeHWbtyG/ZErfd5KEWEAxp+suzke3XQ0lZx7QBY4sZjYEPUS0ug5ytsUJCSe9RCgXk4Ge0
GuBxbRbpmKXAroGzcuPF9ZYmR3lzynuSZWBhRovtQzGX6Fjhk0gCXhfFqZyG0lZrNzlDDa8L7EwW3h665X3t9Ax6OG0oThjqk/LLMq92M96M6n2mbZqT/kE+WLaAootLSnLhTA4C5uFntw==
2GMq+975J3sB3VOho8sh4iN+3NI6shAlQ2xqahfxwbhWFh4fl83LiT+vBPhW6vae9XnlACwOcKn46nBeE0ajln+ye6qsHnWifb57ygGKsBIQJgO/6gapiN4mjtVngw==
vQduLyvFtIjJiZ2NwgdIIOn34szLQb3P2JNoGbNQElYXzbmEpipmI3fxs7XPk3zEllaOIgXFnbzMsggVCFYI4pP62yqPDgMWTKINHo0CA3bBtsgu4Bp7gwo60bQuGvbpZ78=
NBwlptssZG6kS+ma3WPIQsDEzen6c5zV75NoGbNQElYXzbmEpipmI3fxs7XPk3zEllaOIgXFnbzMsggVCFYI4pP62yqPDgMWTKINHo0CA3bBtsgu4Bp7gwo60bQuGvbpZ78=
OnQNGAefwGSGT2YzWRFufwJ+pfhRQa4DnK/L6u7ol089Ai6g6q3nYycjVwngWjY0KsStrzFSfMC847AstBxTuJ/sR0RP2JzwWchVWF+oIZSsCAgwF636CKWC1iCK12e9
gtdAr0htEEoakNqyPR6s1jExLIKXAA1aNlA4HGT7ePIpmrYCiaqX83yM2pAumdEj+h6QjAQZM9l/DjQy3j5hLwxpQtvvsy41auZ5VRBITquIqV4Tp/018fN83R+di0UFWZZYjToXFkLmAE2+fv/3919Z/mGipYiwkwjFLgLrXp4xG2zZfYyoJaetO1vq0i6u0UR9tU8SfWpTV0lDZAs91NFENrMNqaK5X3TBw2mZJ7RhI2uZrcGvUc1u4xyNceJC6S+ximWkQGcU
ZSCG7kaajtBaREobLs5pt0ZbeYgQV9vKOTavRUNzg8MR2/+VoYTHDzLE64PZMbvi5YSb3cTyL+NnUoNItmfi
xyR3kZa0wijKjuMstMVGbleX1X9hi81T5ufTYrTktwjnXPwMQfyANNkMYYjU3Li8/+naNP12RoxCs2fh
m3Nu7LolXa+2B/GVR2qTpkZbeYgQV9vKOTavRUNzg8MR2/+VoYTHDzzG64PZMbvi5YSb3cTyL+NnUoNItmfi
d8UXZItjQjwWMxjgX+ooIVeX1X9hi81T5ufTYrTktwjnXPwMQf2CNNkMYYjU3Li8/+naNP12RoxCs2fh
gPxwi0j1xVoDn5Tsx5Ss7nQVkWt/h9d+v8n/pt73jXULZtHiBZEYAONXOZvOCJJZoc3lh46ySgZ4eHgJkaGtbFoHO8ucB1+BqHR+Blo1bRhXXla+zoWX3ZyM4xSiKsfmIAdad91Hai1QC8HBplDqtL5OQ+MRSa/0aRPyfoXfV9F1fou8FQHqgmH/ieqNFBhnTA==
v+r1M+Do3q74x74qeyLZbUdA/rVMJlyXsNEjpgXrCa6v+gB2qb0RclXeQVkURYj2v2IbGixu1XM6jpXaAZrQItB2o09qtknYntauxWeT
+FJDAdT8UTFZlpA4/KNNW2awjQqO7YFTZmdSYJFbHQsebcvPsbthdjFYptQK6du1dGcXY6kig6Ga5zMBNfvUtIr236NhKf902TPivnU/h9Gl3jv8BWGaAjHfuSod9OhnvA==
l/CkhAXnBHEOr+/06jDYcUZA/rVMJlyXsNEjpgXrCa6v+gB2qb0RclXeQVkURYj2v2IbGixu1XM6jpXaAZrQItB2o09qtknYntauxWeT
Y2rvrDKjoADCkp3xr5/0sEda+LVQPl2XsNEjpgXrCa6v+gB2qb0RclXeQVkURYj2v2IbGixu1XM6jpXaAZrQItB2o09qtknYntauxWeT
FzettX7gzrlXVuEX30uv10Za+LVQPl2XsNEjpgXrCa6v+gB2qb0RclXeQVkURYj2v2IbGixu1XM6jpXaAZrQItB2o09qtknYntauxWeT
cnhRIXMa88AeR8Gi/8pDWUdA/rdLLF2XsNEjpgXrCa6v+gB2qb0RclXeQVkURYj2v2IbGixu1XM6jpXaAZrQItB2o09qtknYntauxWeT
2/b9ZBbvG62v+gYwAoQvRykutuNg5WtiRS9BGn+O6NIJGXmGxWrJ3ZTBAEIvlnO+jMo9B+o63R5BXpgWAAJLa0qSISyO4qbBZ5c=
KfAEhy/DYP2xkLqBkeHw2kZA/rdLLF2XsNEjpgXrCa6v+gB2qb0RclXeQVkURYj2v2IbGixu1XM6jpXaAZrQItB2o09qtknYntauxWeT
03Wb55HcgSB1RbAa4LtQcCgutuNg5WtiRS9BGn+O6NIJGXmGxWrJ3ZTBAEIvlnO+jMo9B+o63R5BXpgWAAJLa0qSISyO4qbBZ5c=
6zQte5Q/2JKB7/x+75GJrXwBj4UvqywsFjpcFGXdrdQMGniNqC7YypPSC1IvlnO+jMo9B+o63R5BXpgWAAJLa0qSISyO4qbBZ5c=
bkjfHmy6oherK6Yu4vdCa3wBj4UvqywsFj5eGmXdrdQMGniNqC7YypPSC1IvlnO+jMo9B+o63R5BXpgWAAJLa0qSISyO4qbBZ5c=
H8RIb36cSIRtao1ve/AILQ4aZImIiaTVZfZMfkXYngt/HNd9NX+h+yz7J8VpxA9/xKYDE0GxI3JNJCNtjDJnMz+y67jOZ5o=
rDtEnC7YZM6LpQcaHQbm9pPKjFZRuKMrdRSKLkKJ2pM1wXPUFVse7MGu+hGZxs+sscnW4j33bVqJTLRn4A==
MONMPa0skXMRl0OcLAfh2G03eRSidzOkykxHnHJpTp/TDcfkj7ic0Bkj0PiYySG07OiIkNfN+ijlYlaASrdnnQ==
S6zaLOfo5tDW8UZtfDu07NZdsx7VBesg8rsvRN3TC+j07jx1pGtLPQ0ka6dlFr9ShPHnOrFUzzWoEkMLE6L3sMpnng==
Kxd6j89/S0IyVzTwyp9RN1AKesWNhvfBdfdKbxbbyzwxQ5dgcG64/Tj7J8VpxA9/y6cDGUCxI3JNJCNtjDJnMz+y67jOZ5o=
wLvXefIvpczbx04HX0M49TNnclTffCDSa2202JGLugFdV0QS3c/rQGRboxLxFQP/1BTpHyVVQachfsq3ifdrzNiOgfmAZOiO90xf7q+wl7zL2fyP1y9oUhR1aROQkAjkKEIMNOjFSdaOcSgWAl0rna/z75uVK9sd3aRbxxBXr7s08ZeaoZR/FdiSk+uD4ocQGmdO
X3k1Z//OD8C992c3Tv3kCUZbeYgQV9vKOTavRUNzg8MR2/+VoYTHDzTH64PYMbvi5YSb3cTyL+NnUoNItmfi
+Lxzm6VnwfgOFqDBsojukleX1X9hi81T5ufTYrTktwjnXPwMQfWDNNkNYYjU3Li8/+naNP12RoxCs2fh
6An6jn4LgnhUhijM93PHSRGk/2LKYIdExGG2KHOj4Csj40cWH0CZy58661LsJmWjW3YFU4ESQFowLhOHKn45AL7uvs1nmw==
iXBADiRdnfnCR94cRXrwszNnclTffCDSa2202JGLugFdV0QS3c/rQGRboxLxFQP/1BTpHyVVQachfsq3ifdrzNiOgfmAZOiO90xf7q+wl7zL2fyP1y9oUhR1aROQkAjkKEIMNOjFSdaOcSgWAl0rna/z75uVK9sd3aRbxxlQr7Aw8ZCboZV/FdiSk+uD4ocgG1RO
tbtGDlMaPO4kdJeflzT+HEZbeYgQV9vKOTavRUNzg8MR2/+VoYTHDz3A64jcMbzj5YWb3cTyL+NnUoN4t1Ti
hR1cDAapAA2vNRSwX+TBvFeX1X9hi81T5ufTYrTktwjnXPwMQfyENNIJYY/V3Lm8/+naNP12RoxyslTh
mPrroUzwgYj9n1kinZO90RGk/2LKYIdExGG2KHOj4Csj40cWH0CZy58661LsJmWqXHYOV4EVQVoxLhOHKn45AL7ujsxUmw==
zHRGIDOTBvpg69fKU/iQ6nwBj4UvqywsFjpcFGXdrdQMGniNqC7YypPSC1IvlnO+jMo9De061htBWZkWAQJLa0qSISyO4pbAVJc=
E0t3mxt2Djs7YbO+Mfj2tEoYji5WjiXzzZGrlK3rQwmpXHaRFndnDWm5LqLlp1V6oWy9VOg=
HQB4rC8UCr7eS9RzMvg020ZbeYgQV9vKOTavRUNzg8MR2/+VoYTHDzHB64jcMbzj5YWb3cTyL+NnUoN4t1Ti
w454nxvIxW9dm1Jyunu0X1eX1X9hi81T5ufTYrTktwjnXPwMQfCFNNIJYY/V3Lm8/+naNP12RoxyslTh
0gPVGToA0WI2OGBlP4O71wJ+pfhRQa4DnK/L6u7ol089Ai6g6q3nYycjVwngWjYwKMqtrzFSfMC847AstBxTuJ/sR0RP2JzwWcRVWFqtIZOtCAkwF636CKWC1iC61lS9
bdk/9gq9g9SHovMNvcwYacDEzen6c5zV75NoGbNQElYXzbmEpipmI3fxs7XPk3zEllKMLAXFnbzMsggVCFYI4pP62yqPDgMWTKINEo0CBnPBscku4Rp7gwo60bQuGsboVL8=
U/ILVfxgI7ExTW6/qC35XOn34szLQb3P2JNoGbNQElYXzbmEpipmI3fxs7XPk3zEllKMLAXFnbzMsggVCFYI4pP62yqPDgMWTKINEo0CBnPBscku4Rp7gwo60bQuGsboVL8=
zEOYaaPEhthUdHBxMeqT8CN+3NI6shAlQ2xqahfxwbhWFh4fl83LiT+vBPhW7vSQ9XnlACwOcKn46nBeE0ajln+ye6qsHnWufb5+zwGNsRIRJgO/6gapiN4mvtRUgw==
r9X4THaCiCnPCWUan6LEmJYmR3lzynuSZWBhRovtQzGX6Fjhk0gCXhfFqZyG0lZrNzlDDa8L7EwW2hy05X3t9Ax6OG0oThjqk/LLMq92M96M6n2qbZqW+0E5WbaBootLSnLhTA4C1uBUtw==
6z39YdTtlhaCysg5DBTnOpGZkOiUPTy5jdwi6iax6dCxFjxXj0AfVwZv2cqNnJLvcj1Ae/zeHWbpymHZErfd5KEWEAxp+suzke3XQ0lZx7QBY4cZjYQKUSovg52tsUJCSe9RCgXU4VS0
eUvCBTatXniu7CDAPgensB0d+hwmaS/JjDenySkaoqNm3SNEuC6w1YM8CloXwaHolua+jxddKzl//yQIVp7UQDXJhZCsntDZuDqQbhN2Q0Y/wts6LI4VHr1uXr8BfZFCUZbjL2qWCXgedt7kVLM=
qulHyo9yEGu/85vwQ8QorSL+P5UX89MH8Zx0KqmKvQEyF07W24WFGhY3pdtlVcgYoYFUXjBWPZ2asIvCfWqUmudbX1XBhOdP0UFLSLwxnKMFBTsdpPIPo4fSI7jXVII=
