P9NC6xhQDODEHRvcCFujkbOGva+io4N9QyDc/rpdKRujhfqLN/OZtuE3kDDwS3g9mIfzerkFV67l4uAGFRtdivs49svDIagmVbF84cfluvCV6vY4qd5ZhQ==
RfohP43hurjtzXCDS5N70nrFY4rIQ2CzyO746Jcm1l2x0adU19mJ1itaG10MDCOMPaWfe+rI248Ac3+RtPHHbJwWfyCxlrMecEuM+rZfx0XzeonMRHGYb3w83LnB595PBgdgW975ih9v/9kyKStAwgmnmJmwu0MuoUnX6u2+cDItt/1uE8QG3xutaCIdLSyVv4na1D1WxuwxEllB
VunNaSWsfs7ARlJE+ckqVBRquOlQW7xRiK3a9uH/2EcsQSq55renYhBtWhOnexkOEZ/w6yIDOMWo79NiqQ1XlpXKAF5F053yS9BWU1OpKJ6lGRw5F636CKWC1iC51lm9
YEaiTdy3Ww8ZXAbu9jc7iKe2iy8ajLGiGRhJ8a+SZuULWGvRG9qoiEl0k5L5M20PNonODHWXZJp9v73mQ+ygdAtl6OoNhYy97wGa3G3+5sSh2lmJ
jUclYsfZbZzIwm3/rXIfebJ7OCEcdigcIYxETcSvz14wdqMqZqTTwAf7MBVfmadPUTVimAtfRljQGZ4idQcFuvGPzVmY
bW2GkjQC9ZA7wDntAbcTZS+Eq/YuNL3SRQVkqRS99gSMyLGBrfwnGvrUt+gIoPnjhI/D3+om6Whehn20WeM=
Kt/GqVpXXljPnDblvEWgITS8s1C0uiPZx/UYXr4keQdO5SFl2bYtyR94daM4oK7l4NIL+3tCj3OzWeY=
WS6eHXA0X0F1au45P8VuRKcb2JMjYXpVw2V8bX8+c4cVdhDntwFRS2NSERpIYifYtPW9j8z0Z0W6S9ChtIYgfPk8PI3cv/e+uCZLKg50W6A/6yhVpyn/r1tFyRhjb054iOkmYm0XfRp53+VZsA==
6RszKNiyF0cmJ3EfDIMj3yTNiSLD5x3KpPwDjPijf1qjNifShNraDSgYDF3L3ufx5nB5u03rsaG8TxjA0u+1kf0wcmmQIEqrnsQUtnWr3TqbiDP6oxKoFjWBvFGnVTpA9Vo2CMnuWbU=
4rY5FZ2N0Bv3BQiCTrRV2ZeSluGwJCyyt8gk5gSq/NacW31bn1oVGkxq28iYjZmvKCxLNeaDFGHwznzMFeSY7bgHGy4Ers+qivznMFNTzLUDcZMfh40NWCcnkoiksUJCSe9RCgXX4Vm0
1q9t1hG39kTmvV9v+STsIyLGjyvn4AncguwDifuHZViuNifShNraDSgYDF3L3ufx5nB5u03rsaG8TxjA0u+1kf0wcmmQIEqrnsQUtnWr3TqbiDP6oxKoFjWBvFGnVTpA9Vo2CMnuWbU=
sdPwoBAWQ8vwjnJy1GwmMMAFn2FFrSELs7IhGniC95jEVU0PXJS3hYorwKGkplA8KZysDWxfR/7oBrsqflSLYI+LmNU3ia9vq2XZGHOPfjjYCbbiHbeN2im/1VmA
mO493IEYOsa6zVWLHBzvqRqUoDG93Is6XFgVe4dKHRpEesPo8L1hb3B849Ve85zheH4EbP00wK2A9zNOHL7HqoLs/9B7I/R12yH7v389hdiv1yroDGGaAjHfuSodx+lZvA==
8+8C1NhyMQjsNHntU30ljzX4NIEU8NMGq4M5NqOa+gZ9EE7B35/OAF0t4I8iAcYCupRDSH5dPouNtqLCeWq8kMEoRV/KheVdxUdBQbs4kasUEDIdpPIPo4fSI7vXWYI=
H+K5eVvF3Zr+uOQZV2xgKyLGjyvn4AncguwDifuHZVi1NifShNraDSgYDF3L3ufx5nB5u03rsaG8TxjA0u+1kf0wcmmQIEqrnsQUtnWr3TqbiDP6oxKoFjWBvFGnVTpA9Vo2CMnuWbU=
BiRlm94Ibkl2rFikMYasVSSwlwKU+KgScG1fdYdYABwEMM3o4qBnLzpp5doKrJWhZW8YLbMjhbyP5zlPPv2Tqpvf5MZ7I/R12yH7uH89hdiv1yroDGGaAjHfuSodx+lZvA==
bOTHJ9N4QMa9l3McUfcFs/i1aVA/9oSE5NuXgmV1gBZskXGmhigej9AF8fd9aGaOezlecGcHh0PkEzNjaZ9FwqUMEfgaU47UpsmvuMXLtyIEIyQDMEbzcbLDMv95aqEnCmJjKixvM2238+/vrmTp5x5lEYVp9B8pz3glA8jg3sUQUlvb64KfEwNZVg==
/qhhO9tPb+u776JyTrmF77LA6/X+9OozXizW7bNifQOH6PfEY5z/ws1g2GrhGjMknoG5NLQBXZzt/8QGFRtdivs48cjDIqgmVbF84cfluvCV6vY4qd5ZhQ==
kKZCM7OYXjHz4g6cGj1Z/0Up25VrNzGLFUX378fXn/xDL1mL+fwWNbUiuj1pp7AwXysIVYfpXy35hekYg68u+GipRmKNV92a2Z/FWZA=
ytr9AqOY77hleM0Wj3aSIkQp25VrNzGLFUX378fXn/xDL1mL+fwWNbUiuj1pp7AwXysIVYfpXy35hekYg68u+GipRmKNV92a2Z/FWZA=
8G/xJFxKMRmn9jEb/qsEFEcp25VrNzGLFUX378fXn/xDL1mL+fwWNbUiuj1pp7AwXysIVYfpXy35hekYg68u+GipRmKNV92a2Z/FWZA=
lTmTjV81AlPo8ReHzrS+YIDWrdG7TAoTosrLaEEhyo9fYoc+nyxxCgDclcjjWlJb8fJwQx1SsbU8UEHpbdQXApku50CICCmbZJfz96rOmfD+Pq3cWYs=
W9lFGGGud4TWc3Z2lknP8B8j8d9BE7PpEY8hezkkNcMPOy+w4G1z7vz9L2t2aKln3mXRBSn136kPeGWDCOAeRVBSm1srgt+Tw1mW
+ggKNhk5PpAG2tWK4eKHstfNV1yA4kmgCBAdSQdaAfvIsW/6MxN5x9WdV1zzFH96Pci4sjFSc9yu6ZkspAldpJ3XJF5F053yS9BRUFOqKJ6lGRw5F636CKWC1iC51lm9
O01nD8dZ2yAIs1a9CgRLohwj8d9BE7PpEY8hezkkNcMPOy+w4G1z7vz9L2t2aKln3mXRBSn136kPeGWDCOAeRVBSm1srgt+Tw1mW
rd4shcAsCvFhuWnpELlcLkUz3ZV3LzCLFUX378fXn/xDL1mL+fwWNbUiuj1pp7AwXysIVYfpXy35hekYg68u+GipRmKNV92a2Z/FWZA=
gma9PVP7ZRK3KRQNtse4lkcz3ZV3LzCLFUX378fXn/xDL1mL+fwWNbUiuj1pp7AwXysIVYfpXy35hekYg68u+GipRmKNV92a2Z/FWZA=
LQx876ryjtTLqllE+J1AdEYp25VrNzGLFUX378fXn/xDL1mL+fwWNbUiuj1pp7AwXysIVYfpXy35hekYg68u+GipRmKNV92a2Z/FWZA=
f7SvtYkkWPSkDVaxxJ2mQxNb3vvJDbMvgx/DTO93vetdRLqlyao+ve0vTKDzk6y14zHznSXNLVhHZ3IIBHFiQmkvMYrll8FZlA==
4xmoghLD0mmLVr0clhz6TxBb3vvJDbMvgx/DTO93vetdRLqlyao+ve0vTKDzk6y14zHznSXNLVhHZ3IIBHFiQmkvMYrll8FZlA==
dBLraa6imwZy0kNmj54nRBFb3vvJDbMvgx/DTO93vetdRLqlyao+ve0vTKDzk6y14zHznSXNLVhHZ3IIBHFiQmkvMYrll8FZlA==
EBdKIQqBowLHwmjW6PuJMUYz3ZV3LzCLFUX378fXn/xDL1mL+fwWNbUiuj1pp7AwXysIVYfpXy35hekYg68u+GipRmKNV92a2Z/FWZA=
6Cr+ll2pYl5/uf19/KMCSEUz3ZdwJTGLFUX378fXn/xDL1mL+fwWNbUiuj1pp7AwXysIVYfpXy35hekYg68u+GipRmKNV92a2Z/FWZA=
UJ9G0ZSa3s7IkNoWLbuokgdR86UVOmDT/8p3ph+0AaKgtEVwo6ICcxGaQFsdSoHd3HgRES1sx2o5hpfYCJDZM8R/o09qtknYntadxFmT
tIdyHWh23pgUXSUW6gEZCwdG/e1JPXrf/8p3ph+0AaKgtEVwo6ICcxGaQFsdSoHd3HgRES1sx2o5hpfYCJDZM8R/o09qtknYntadxFmT
hK6sX/w7/U5H5Qil0QbDQEA4+chVE7PpEY8hezkkNcMPOy+w4G1z7vz9L2t2aKln3mXRBSn136kPeGWDCOAeRVBSm1srgt+Tw1mW
z9WKTczcFbS4MAZYcdxw7zcT3LQWakdgm8C/FqVMyG75JlPQ1s1JUAyd3QhFkxRCTed9vvM0wey7/mhyvR3sZV9ZWoRdJobckcJZkQ==
LEB/gxHUHjXsP4FdaG2inld4tORIV49R3K/B7fLp0FkoEiaQr7GsYC0dV1zzFH96Pci4sjFSc9yu6ZkspAldpJ3XJF5F053yS9BRUFOqKJ6lGRw5F636CKWC1iC51lm9
XX1zjBpr83btVxktWp8QDFZ4tORIV49R3K/B7fLp0FkoEiaQr7GsYC0dV1zzFH96Pci4sjFSc9yu6ZkspAldpJ3XJF5F053yS9BRUFOqKJ6lGRw5F636CKWC1iC51lm9
wdUlBxicresopRJIiSESyEN0552GQ/Rh0A7cTPUk+O1YR7uupO4vquo8R7Dzk6y14zHznSXNLVhHZ3IIBHFiQmkvMYrll8FZlA==
DF2GXYUcxF6KkZrukGu79kN0552GQ/Rh0AreQvUk+O1YR7uupO4vquo8R7Dzk6y14zHznSXNLVhHZ3IIBHFiQmkvMYrll8FZlA==
Z57/YJgybgcVGte7gn1wjBGk/2LKYIdExGG2KHOj4Cs750RZWkmc5Pkg4VntJHeyWX4HUIgYSUskJxOHKn45AL7ujcxZmw==
ejMGHMfYvG4u8lWHpi1TUy+Eq/YuNL3SRQVkqRS99gSMyLGBrfwnGvnWt+gIoPnjhI/D3+om6Whehn20WeM=
UaB7x9/IR4XnC8yl/tmIATS8s1C0uiPZx/UYXr4keQdO5SFl2bUvyR94daM4oK7l4NIL+3tCj3OzWeY=
bmvhkccuDosjdORsQYXNwnYgeUK5NGT87z9dljBkWZ7VKLT+hbOd0gsw1PaTyii+5fmcmdfN+ijlYlaAebZZnQ==
e3ZD6EF4TNN5+zSPti+DV2/jMvXbUFfVIYtWMDHURURjwt72S5nq0yPlOgdtDe6Wse4Pnt3sPxcIm8bIrB2Phc+4MLNrFvO34ah9flfQn4JfONyqh/HPif0WqFccQfnFfKpMJVCtq3QhKDyt0XsAVc8N1GyMebfkivkyoU3T+a8Bq02q+j/rtDxgwUH+0K43+JeiULFp1V16Mo50hF9WlyhtpwaYFzDAhydXWxygwLcIxjV23tmn2QXbM0TeUPFy+FK2jQlOzytaHg4Jw2PAlmybuPwyzS7atCPkK/BUE8cx0ew2boaTPxw0cSqaFMP6dOVSHKx98xemtS2vskV9je3s/XFzuFnb7HDaTTyyNxMv8nsrn1nK
SCE77jK09LZWdRoxo8OyIVA8ocfaY6WBOUDaAeXrITy3eqaA7qfYlEnXmXgh+8EqVVtkYrJmIDJMkm2jD1d+25UKB0w0qT2Upm7dWkzc2DBoSlDsRJV0SLGC0zbimQFLaRznX8Z1y0+91n46LD2r1mP1Z9wR/ZKjGdreYS1j13obPO1C55RkRU+2HsfEoCdZKDuliysrzj7pWMfxhv/iE7fz9UvBXqjHR40KXGMWHdt49cVbGtxIsfmKIy7PInIpWPRw+16vg3Z+0sFhei8vJFuVxF9ncaJ9DeMA/1dV/Sf8dmWSPVVY8RZutYew8KwdjLZI53n7YgOdHq3N4fxZBQ04Ty4gpD9MSITxl1Q7qxvKIgHcznI1kFnH
4BcI9SIuyl1I1AQdsvTD9LNceFHcYIl6d1fwUIrknYxMgKs43B7jj+obK/Hle/KisT8SKgHa2u6XWbZLp3VeT6Et4p5V3ksmIWxDr8yrosCgPcNNKyi0K7dWr6/luFm2m7ATCvtImFK78fNxuWYM35AhNQ1Yukg9DO137KW42GWdWwxdqz0Q1PD5S1zOydapQfM152U7yTKm/zesOHDlCbIwIr9cZ2YojWnpJb7CKvwIvxrfDH2jHkTXbFgDtzMT0IDMv+z2cc4iWdthwetXTNJwvbocwjIV1Q6TM14OKsEPA0weyOv8BA7NEiLwU0CjfDTfDxXB6C4yxk+nmKSV4tY0z/IQ1Zak0P0Pr+KFyae+ZbHFiXx56S94hcPoYP4FcFK7m4sCv1OjWfY=
QXSbgvijF5MqFtT7HhPi/zZ9BpMajjZ9eGC8sp/9lYqALx+A4x0t9xFL5kqNX84CdQoOlluZ+vNzJeqn/Y0eNsEu/76t7M83eNs2aNydHyWf+OCTexbjV7HorZ7HUC9i73jsSrfx/2nNVhi3rMFpJazqHMVArbtU8WhsDUH7cPU/TaRMfHnHxHo5QgG9U2kP0Wsdiuo/+9TsoJEhblAeV0hXkjCBaeU9SvI+FDTfxvd4rXdmiBcg4Nfnh/uMIDAXeAbFVq7ZV/l1m8PkrtBh0qgSZq0ZTt/LCl7e6VPjcHbc24gcAs0eOoRjVMtA1IMn4ZG81n6Ggx/MdCGKCpSzWoSlIjxcfYM3VnVdD0LF7S09LK1RY7hJuzywii2sModznzJLS69Z+g==
1HKGlwty4a0GIBjdYOLp0vqW6vyIcR0GUHp95oROT1v2QNE520dd9tlORVqY+uC2V4rFeKR83n3xBMbjzzTIDqCmXY9RTDGSiXMeYFfgPOyONWYfmsyhpFFn+Ta1B9y+wnoYbszOVb9/i8aHdRY/0ER1BYhm8mWGPMBgrIgWaDA0CcwUsd5rqpJFOReJgF9Dtqlz033KRuZcoZPKg6nfAGHhqv+ZhuZ9Xb9vJvsg1d6XSFxZjyqmG7S8n8XIZ51XW7d2YukEf232I9pPV29NV7GCEFuHkTKAE4olx5ipfYdqwHDtedYbMr/+ynW46EhnLnO7ar5Oeb0KM5e4u8n8gxftGiENv7hjJ4nFexzq3Y5NieBt1nKNW8BslAFs6vA7CedaXx1CldGRIOFZ7SR3slB4B1CIGElLJCcThyp+OQC+7o3MWZs=
1HKGlwty4a0GIBjdYOLp0vqW6vyIcR0GUHp95oROT1v2QNE520dd9tlORVqY+uC2V4rFeKR83n3xBMbjzzTIDqCmXY9RTDGSiXMeYFfgPOyONWYfmsyhpFFn+Ta1B9y+wnoYbszOVb9/i8aHdRY/0ER1BYhm8mWGPMBgrIgWaDA0CcwUsd5rqpJFOReJgF9Dtqlz033KRuZcoZPKg6nfAGHhqv+ZhuZ9Xb9vJvsg1d6XSFxZjyqmG7S8n8XIZ51XW7d2YukEf232I9pPV29NV7GCEFuHkTKAE4olx5ipfYdqwHDtedYbMr/+ynW46EhnLnO7ar5Oeb0KM5e4u8n8gxftGiENv7hjJ4nFexzq3Y5NieBt1nKNW8BslAFs6vA7CedaXx1CldGRIOFZ7SR3slB4B1CIGElLJCcThyp+OQC+7o3MWZs=
1HKGlwty4a0GIBjdYOLp0vqW6vyIcR0GUHp95oROT1v2QNE520dd9tlORVqY+uC2V4rFeKR83n3xBMbjzzTIDqCmXY9RTDGSiXMeYFfgPOyONWYfmsyhpFFn+Ta1B9y+wnoYbszOVb9/i8aHdRY/0ER1BYhm8mWGPMBgrIgWaDA0CcwUsd5rqpJFOReJgF9Dtqlz033KRuZcoZPKg6nfAGHhqv+ZhuZ9Xb9vJvsg1d6XSFxZjyqmG7S8n8XIZ51XW7d2YukEf232I9pPV29NV7GCEFuHkTKAE4olx5ipfYdqwHDtedYbMr/+ynW46EhnLnO7ar5Oeb0KM5e4u8n8gxftGiENv7hjJ4nFexzq3Y5NieBt1nKNW8BslAFs6vA7CedaXx1CldGRIOFZ7SR3slB4B1CIGElLJCcThyp+OQC+7o3MWZs=
i4cmC4W90yokEubFtCNtngCEawDDon5wDf0diHO6wQYjycc9/uRBxSKdXxbrQYMowljgEqVmMQAtEpH00kl10P9/S8c0n7rUKyLDzKUEWiM7xfKX1c32pnmOt0617NdHsHuO+LRdNxWHmCjDw5abh/nIte4vEIfyl5ikeq/x51mFtmAnBIGBVbTKVBU4LQMEOQh0PWk7GGWH7Ww8ZHnfNDKZ+pFVE0E/yYtVWlK/A4QkgInRBpC2x7A3WgCZaf0NgpLGhJwfrgdgjb82cJeYMJ8Hn8ukYNiHwKaNprbZT4m9O3t0xhBJ4rByrv2hzqcbQn7Gmbuj2OakO8AsGs0GCsyDLFvolGtX+bH0BgYGO08EFDm6IlTbyjwF6kxEfZvHHtXln6qFxR0lzOWB2zix6/SQkt3E8i/jZ1KDe7dZ4g==
65GtXs4b6keZm7mlnh8FJ0MHb9rN4JXzw8xy9jS3dUmEjMQIw6TKb8M5dqplGMST3hANxS74Zz0iUhpFTDAo2mOdiaI0n4tYjx1BL4X7UmKRPzJq4Vo6rndZlgsH9f6PwS2CXjVe6+YBbGPvbCtCgEA9Iw2LqBTrl1bPb4U4OXa7sDNKW8h4ElvxEzFZ5qyfsCEVzTg6KP1s7VcsBTh4JX1b7B1LvbCU0PlrnG5Jtmkh81Unxbtpcob/1+zY8AVJkjACf/znBujtaYnl3kKKPCi/Op/s/UNepNdMGKM3k9OwgKx/jHbRDgJZ+yFha7cMMnBd+rxCktX1DvPzPo5KAS8DbF5oaxxE7s3yYhDT4ONcNP/PdUGI7lLGb2c4JDWiNjQvsvBVNuTw/S9vQgWpZ95l0QUp/NmpD3hlgwjgHkVQUptbK4Lfk8NZlg==
BfVH3spj1FBLq5XPkn8iQDugbCU5apygFMyIOtReYuz9x+KidDe03ipsGv5cu/Uj88Z7CztpqX90DGXykxfUWKZUITQIoK/ggI6PR44bTzmJ6656tR9Wkr1q9uazGVLDSwWiN2VNZsaJzmduheznZ+C7/hgk3Ye1V9jYo9OWi6fJCOUOX5AXUifYdBpf8Rc5VfbQh5QB8bXkCmQ1KC0TZMlIpJ3Zu4iF9y08HFR57xTi2QrxxZPxn5lLJbpCvxOkFMBZsfYQJmcA9wrg6WmN7dJSdiQMn15nsM2PFmCXiNDvx89rFOBI5zDmXYaG2X+p7fsLlFaQ+UJgMl6dsc63O3K+lnnLI0hGFHsQTOrN9mocw5z7eBQbt6lxxCYWBisv9FTpGpLUSypMxbpsdH2r586VFf86BXW9dQyVYcs4ocvE0EK9NHK/Q9eS05vHWZI=
Q46cpW/qDd2HMY+m+ZmAua1hODoXZz5ddpcHXMGt+BFHZr85e7/HwAf7MBVfmadJVjVhmAtfRljQGZ4idQcFuvGPzVmY
TrNx6Q7M0Oq2Expg5SsrGm1V5xIXy6qK7bnZ9wmMpLQ/Z73+wBxZlsUwlNa1i90aW+i5H+MyqDZ1YTwxZ3U6YDU6tuiJzlmV
dKchLrVSoss+gnLU9hTMDycHxLgTCRdmz4fqTqVFiSOxIETQ1/sNSliQ2RJNjARCTed9vvM0w+67/2hyvR3sZV9ZWoRdJobckcJZkQ==
fYgMVzy7kQA9cw9T59uW5gtIeco/6imL4egEGIfTLWJImNkaXaQkah0vPXajnGhCK3Ho+i21TM0PkRpMDQ6m9IHKWZk=
7LNdaw/bsIsFrF90ha4LZ1OTmLtjFhe7pCOzfBIGOTj3Vq8zrcxLKWq55TJ1ebHr5egV/zoFdb11B5RhzDihy8TQQr00cr9D15LTm8dZkg==
FlVoPULKxQ8Qtoi4+e2QSFLer8NBOi7AzXEX4I5DNhZWGnqE2cTkbE+PncbQFFmO9Rj0LuVDHUKrgBWic74orsXJ3Em3PXq4RdKW0JnGWY0=
GUP1Ab6CCIVnXDPBNauSnioQt1gey7aO5rKa/AmMpLQ/Z73+wBxZlsUwlNa1i90aW+i2GuM2qDZ1YTwxZ3U6YDU6tuiJzlmV
4ArsdY7uA/TIbjsHhF4h5Eh3rqvPWfR62x/KDaI/u/xdRYzh0/4zufcnU7Dzk6y14zHznybNKVhHZ3IIBHFiQmkvMYrll8FZlA==
kHkN6cLZhCnK9yXzjLmIPCcHxLgTCRdmz4fqTqVFiSOxIETQ1/sNSliQ2RJNjARCTed9vvM0w+y7+mhyvR3sZV9ZWoRdJobckcJZkQ==
TRlXIkwB6j1KEpGVFkerZBEdbYQ4+imL4egEGIfTLWJImNkaXaQkah0vPXajnGRDK3Po+i21TM0PkRpMDQ6m9IHKWZk=
QDAIJa2FYbk1nF/aGoVqDwtIeco/6imL4egEGIfTLWJImNkaXaQkah0vPXajnGdHK3zo+i21TM0PkRpMDQ6m9IHKWZk=
3+TR4ZbYu4rGwHlt/VD16ioQt1gey7aO5rKa/AmMpLQ/Z73+wBxZlsUwlNa1i90aW+izGOM4qDZ1YTwxZ3U6YDU6tuiJzlmV
cHCsJ3nPvaDiueUWg3z+k61hODoXZz5ddpcHXMGt+BFHZr85e7/HwAf7MBVfmadFUTVrmAtfRljQGZ4idQcFuvGPzVmY
ixErHwwM8QViLVw1Z6MfC0ph1oBuNk/cCRGwup/Xlr0OZ1+c+f0gca92tzlzr68gXysIVYfpXy//heMYg68u+GipRmKNV92a2Z/FWZA=
RER7rpekeJ6yXLFXidg/MofxMw07nZ26LVEewKbmJzyxgUg6J0fuHaY3l9yxDUhRtwavOWtftwC3W8CVzzn3jgYVW5j7P5aYgPkOosVn9frBr91ZiA==
BjhWPiko6jcpMicLUDLIf7/0zXpf3v7gF0EI77zccOR/H2rWFd3p+wF4hIjnI21SaIjZCn2UZJp9v73mQ+ykcwts6OoNhYy97wGa3G3+5sSh2lmJ
Qaj2VdP90jBfrr/aE0HOKhEdbYQ4+imL4egEGIfTLWJImNkaXaQkah0vPXajnGdHK33o+i21TM0PkRpMDQ6m9IHKWZk=
i68+uJEYXHBRgCGP73gzxScHxLgTCRdmz4fqTqVFiSOxIETQ1/sNSliQ2RJNjARCTed9vvM0ye67/W9yvR3sZV9ZWoRdJobckcJZkQ==
aKbWi3kedK4yZQFLBzo8421V8A5VybvI57PZ9wmMpLQ/Z73+wBxZlsUwlNa1i90aW+iwGuMyrzZ1YTwxZ3U6YDU6tuiJzlmV
zRc5dC49e37JgOO+Bl2PA3UBh+No5CknG2pDFTGN5dIUBmuxxTSc0pnUAXZcjHm1jcgvHuww3xxPVJEHFAtLa0qSISyO4pXAWZc=
Ml4qH5aXxZupVXCS1ioUVV4898U0Q7W9Vtp5ezBleIsJLC+x1ilpuvH5NWNpeKln3mXRBSn23KkPf2WDCOAeRVBSm1srgt+Tw1mW
Pt4fikFFCfgREHMsgWNsdhINcoQi/imL4egEGIfTLWJImNkaXaQkah0vPXajnGdHK3bv+i21TM0PkRpMDQ6m9IHKWZk=
F2ZyhUNfRROTqxmQ6KWk33UBh+No5CknG2pDFTGN5dIUBmuxxTSc0pnUAXZcjHm1jcgvHusz3xxPVJEHFAtLa0qSISyO4pXAWZc=
sDBRSss5HO6acmojRlcI3RINcoQi/imL4egEGIfTLWJImNkaXaQkah0vPXajnGhFK3bv+i21TM0PkRpMDQ6m9IHKWZk=
tidYJBlBbKHdr00/GmmWeXUBh+No5CknG2pDFTGN5dIUBmuxxTSc0pnUAXZcjHm1jcgvHusw3xpPVJEHFAtLa0qSISyO4pXAWZc=
IpTKFZWNVUNOUg9m3ZrLhHYgeUK5NGT87z9dljNkWZ7VKLT+hbOd0gsw1veTzC++5fmcmdfN+ijlYlaAebZZnQ==
HZspUXZ/jv7fP5TmrppAYycHxLgTCRdmz4fqTqVFiSOxIETQ1/sNSluQ2RJNjARCTed9vvM0wu+7+W9yvR3sZV9ZWoRdJobckcJZkQ==
ywCFG2mxHdLk9T+0lGbekhFx5MU0VKn/VMs7cTpleIsJLC+x1ilpufH5NWNpeKln3mXRBSn236kKf2WDCOAeRVBSm1srgt+Tw1mW
vP9zh3MLifJlm0yqTzB52BFx5MU0VKn/VMs7cTpleIsJLC+x1ilpufH5NWNpeKln3mXRBSn03qkKf2WDCOAeRVBSm1srgt+Tw1mW
UnZByGBi8lMCwcmRTefH2m1V8A5VybvI57PZ9wmMpLQ/Z73+wxxZlsUwlNa1i90aW+iwHuM3rzZ1YTwxZ3U6YDU6tuiJzlmV
BUQQKIB86KHVNPttifqj9nUBh+No5CknG2pDFTGN5dIUBmuxxTSf0pnUAXZcjHm1jcgvHus03xlPVJEHFAtLa0qSISyO4pXAWZc=
g3nL1rOLWzyEwRT+LnoScnYgeUKjMmTg9z5dljJ+X57JMLX+hbOd0gsw1fKTwC++5fmcmdfN+ijlYlaAebZZnQ==
KdHVFKpr1KZ5AaEt6eC9QHA2eV+jMmTg9z5dljJ+X57JMLX+hbOd0gsw2PKTwC++5fmcmdfN+ijlYlaAebZZnQ==
RMDAXn0Y09iUP6uqQXK2CxEdbYQ4+imL++4EBJ/SLWJKgt8aQbwlah0vPXajnGFHK3zv+i21TM0PkRpMDQ6m9IHKWZk=
orqJCiwgRspGNxB4tNzO3xEdbYQg4CmL++4EBJ/SLWJKgt8aQbwlah0vPXajnGNGK3Tu+i21TM0PkRpMDQ6m9IHKWZk=
/LWfLhQj+UIgD2uM3U6dXREdbYQ4+imL++4EBJ/SLWJKgt8aQbwlah0vPXajnGBHK3Tu+i21TM0PkRpMDQ6m9IHKWZk=
Rh5Yv97R25C+SyEALmoMKK1hODoXZz5ddo0BXN21+RFHZKU/e6PfwQf7MBVfmadKVzVjngtfRljQGZ4idQcFuvGPzVmY
BjxRg4Q22AwPnhoDsQiWMW1V5xIXy6qK7bnZ9xOKpKgnZr3+wgZfltkolda1i90aW+ixH+MwrjZ1YTwxZ3U6YDU6tuiJzlmV
UsC+iegohZjRnmXCsT8sQ14898U0Q7W9Vtp5ezBleJEPLDOp1ylpuOv/NX9xealn3mXRBSn03akMfmWDCOAeRVBSm1srgt+Tw1mW
/9lYBydREC1QXEJOLCTytyv16sBo/Mf0pLOFp/yxRLR7/aH+YPWtLUVfANp9JHE1FMdjgsmNk5kmr4Z+X9nFHbZvKueHb3edWFE3C2MuUlTfs4jOprXNx3nd/q5QHYjZTbWZhDlsEz4h5ng0LjD5IJ+rSFXHaZ8tOQWjHkMm7vgpKQZiTdedmpksBGdQ
Q62J/6kBzzrngjtlp6KXui+Eq/YuNL3SRQVkqRS99gSMyLGBrfwnGvnWt+IOoPDjhI7D3+om6Whehk61Z+M=
K58QyrlLT7beuBGdn3Cz2zS8s1C0uiPZx/UYXr4keQdO5SFl2bUvyRV+dao4oK/l4NIL+3tCj0CyZ+Y=
UuKP6K/4SDyqXQ6KRF+Fzrw4MyMAZCkOMJwHXdv6z1QLN6R6arrZ1Qf7MBVfmadNUTVrngtWRljRGZ4idQcFuvG8zGeY
hR4Z+8SkWRsn9cXOnVLF60N0552GQ/Rh0AreQvUk+O1YR7uupO4vquo8R7Dzk6y14zHzmiTNJ15HbnIIBXFiQmkvMYrlpMBnlA==
mVnMpZ+eDwkdbkujU8HMvf/u02q9+/I6vZ+9xgNMJpVLjO4KRGUMHK8hmvytXmakUrtn6Q==
u+8fAj5lvibiu3pfUm2z1y+Eq/YuNL3SRQVkqRS99gSMyLGBrfwnGv7Xt+IOoPDjhI7D3+om6Whehk61Z+M=
NhS9rU3zPFGqWuolRS4RYjS8s1C0uiPZx/UYXr4keQdO5SFl2bIuyRV+dao4oK/l4NIL+3tCj0CyZ+Y=
9B3oW5GxbRMoP86Otsq32CLGjyvn4AncguwDifuHZVi1NifShNraDSgYDF3L3ufx5nB5u03rsaG4TRbA0u+1kf0wcmmQIEqrnsQUtnWr3TqbiDb5oxiuFjyBvFCnVTpA9Vo2CPrvZ7U=
n5bZSg7PnOB7LlSbFg95AjX4NIEU8NMGq4M5NqOa+gZ9EE7B35/OAF0t4I8iAcYGuJpDSH5dPouNtqLCeWq8kMEoRV/KheVdxUJCQbE+kaIUEDMdpPIPo4fSI4jWZ4I=
L1b+ZGi07v6exg+1SbMLmxqUoDG93Is6XFgVe4dKHRpEesPo8L1hb3B849Ve85zheHoGYv00wK2A9zNOHL7HqoLs/9B7I/R12yH7unw9j96v3iroDWGaAjHfuSod9OhnvA==
NhZyJ5zgqlXrQ7V/5Qa6MsAFn2FFrSELs7IhGniC95jEVU0PXJS3hYorwKGkolIyKZysDWxfR/7oBrsqflSLYI+LmNU3ia9qqGXTHnOGfjjZCbbiHbeN2imM1GeA
LTn7N5M08REcjprDty1NDSLGjyvn4AncguwDifuHZViuNifShNraDSgYDF3L3ufx5nB5u03rsaG4TRbA0u+1kf0wcmmQIEqrnsQUtnWr3TqbiDb5oxiuFjyBvFCnVTpA9Vo2CPrvZ7U=
wLNEtyh2hPzrG+izjSPlCpeSluGwJCyyt8gk5gSq/NacW31bn1oVGkxq28iYjZmvKCxLNeaDFGHwyn7CFeSY7bgHGy4Ers+qivznMFNTzLUDcZMahI0HXicukoilsUJCSe9RCgXk4Ge0
v4/tOxuxMlP5+LQnD+mnMiTNiSLD5x3KpPwDjPijf1qjNifShNraDSgYDF3L3ufx5nB5u03rsaG4TRbA0u+1kf0wcmmQIEqrnsQUtnWr3TqbiDb5oxiuFjyBvFCnVTpA9Vo2CPrvZ7U=
EDd1ukTGERECXlFPP1ZaNacb2JMjYXpVw2V8bX8+c4cVdhDntwFRS2NSERpIYifYtPW9j8z0Z0W6S9ChtIIicvk8PI3cv/e+uCZLKg50W6A/6yhVpyn/qlhFwx5jZk54iekmYm0XfRp57ORnsA==
sA/2vwCnc3xAZpRMiMbHOjfV+P3+7c8yfNXFMo9xU2GGHx8aHX/Ntemwg0BOVRSlRuRRb28l1JRBXCFGJnWowrRyFyofV2hW57tQFX/ZR8ow9Uue6xbm2HFZfiJVx6U6EfzsZ7g=
3xOb5A0jNFCun32pO8mp/z1+08E3j1s5VG8tZlrmybgZBhoS2M3LiTHhBvgfpOOR6H6mAC4Ve6XGo2AOCkSBvRqocaGtHGe6frd3wg6AsAMELgO/6gapiN4mjtVngw==
